 2024-12-09 07:10:57] WARN  [asset-management-system,,] om.zaxxer.hikari.pool.HikariPool - HikariPool-43 - Thread starvation or clock leap detected (housekeeper delta=4h10m38s322ms292µs400ns).
 2024-12-09 07:45:34] INFO  [asset-management-system,,] AssetManagementSystemApplication - Starting AssetManagementSystemApplication using Java 21.0.4 with PID 10836 (D:\gdnt-projects\workspaces\asset-management-system\bin\main started by SOKHOM in D:\gdnt-projects\workspaces\asset-management-system)
 2024-12-09 07:45:34] INFO  [asset-management-system,,] AssetManagementSystemApplication - No active profile set, falling back to 1 default profile: "default"
 2024-12-09 07:45:35] INFO  [asset-management-system,,] olsPropertyDefaultsPostProcessor - Devtools property defaults active! Set 'spring.devtools.add-properties' to 'false' to disable
 2024-12-09 07:45:35] INFO  [asset-management-system,,] olsPropertyDefaultsPostProcessor - For additional web related logging consider setting the 'logging.level.web' property to 'DEBUG'
 2024-12-09 07:45:36] INFO  [asset-management-system,,] .RepositoryConfigurationDelegate - Bootstrapping Spring Data JDBC repositories in DEFAULT mode.
 2024-12-09 07:45:36] INFO  [asset-management-system,,] .RepositoryConfigurationDelegate - Finished Spring Data repository scanning in 18 ms. Found 0 JDBC repository interfaces.
 2024-12-09 07:45:36] INFO  [asset-management-system,,] m.zaxxer.hikari.HikariDataSource - HikariPool-1 - Starting...
 2024-12-09 07:45:37] INFO  [asset-management-system,,] om.zaxxer.hikari.pool.HikariPool - HikariPool-1 - Added connection com.mysql.cj.jdbc.ConnectionImpl@171b15df
 2024-12-09 07:45:37] INFO  [asset-management-system,,] m.zaxxer.hikari.HikariDataSource - HikariPool-1 - Start completed.
 2024-12-09 07:45:37] INFO  [asset-management-system,,] o.s.b.w.e.tomcat.TomcatWebServer - Tomcat initialized with port 8080 (http)
 2024-12-09 07:45:37] INFO  [asset-management-system,,] .a.catalina.core.StandardService - Starting service [Tomcat]
 2024-12-09 07:45:37] INFO  [asset-management-system,,] o.a.catalina.core.StandardEngine - Starting Servlet engine: [Apache Tomcat/10.1.33]
 2024-12-09 07:45:37] INFO  [asset-management-system,,] a.c.c.C.[Tomcat].[localhost].[/] - Initializing Spring embedded WebApplicationContext
 2024-12-09 07:45:37] INFO  [asset-management-system,,] rvletWebServerApplicationContext - Root WebApplicationContext: initialization completed in 2383 ms
 2024-12-09 07:45:37] INFO  [asset-management-system,,] icationProviderManagerConfigurer - Global AuthenticationManager configured with AuthenticationProvider bean with name authenticationProvider
 2024-12-09 07:45:37] WARN  [asset-management-system,,] lizeUserDetailsManagerConfigurer - Global AuthenticationManager configured with an AuthenticationProvider bean. UserDetailsService beans will not be used by Spring Security for automatically configuring username/password login. Consider removing the AuthenticationProvider bean. Alternatively, consider using the UserDetailsService in a manually instantiated DaoAuthenticationProvider. If the current configuration is intentional, to turn off this warning, increase the logging level of 'org.springframework.security.config.annotation.authentication.configuration.InitializeUserDetailsBeanManagerConfigurer' to ERROR
 2024-12-09 07:45:38] INFO  [asset-management-system,,] s.b.d.a.OptionalLiveReloadServer - LiveReload server is running on port 35729
 2024-12-09 07:45:38] INFO  [asset-management-system,,] o.s.b.w.e.tomcat.TomcatWebServer - Tomcat started on port 8080 (http) with context path '/'
 2024-12-09 07:45:38] INFO  [asset-management-system,,] AssetManagementSystemApplication - Started AssetManagementSystemApplication in 4.739 seconds (process running for 5.871)
 2024-12-09 07:46:00] INFO  [asset-management-system,,] a.c.c.C.[Tomcat].[localhost].[/] - Initializing Spring DispatcherServlet 'dispatcherServlet'
 2024-12-09 07:46:00] INFO  [asset-management-system,,] .s.web.servlet.DispatcherServlet - Initializing Servlet 'dispatcherServlet'
 2024-12-09 07:46:00] INFO  [asset-management-system,,] .s.web.servlet.DispatcherServlet - Completed initialization in 0 ms
 2024-12-09 07:46:03] INFO  [asset-management-system,,] .t.config.HttpUserDetailsService - HttpUserDetails[request=HttpUserDetailsRequest(username=sokhomngor@gmail.com, password=$2y$10$418hRKhPLSQU4QYkNYN8M.7jFaRHXuRgV/ZemoVuz/xSVhPu4QHoS, name=null, photo=null, roles=[Officials, Admin], permissions=[manufacturer-create, allSerial, maintenance-edit, report-by-department-list, serialUsing, product-list, manufacturer-edit, maintenance-create, position-list, manufacturer-list, pivotCategorySourceDetailUsing, maintenance-list, ref, ministry-list, pivotCategorySource, product-category-list, office-list, user-list, product-edit, user-create, warehouse-list, ministry-create, source-list, supply-delete, position-delete, product-category-edit, ministry-edit, source-create, role-delete, supply-edit, ministry-delete, assign-serial-create, office-create, product-create, general-department-create, supply-list, serialReturn, department-create, user-edit, warehouse-edit, people-create, role-edit, people-list, department-list, user-delete, privacy, warehouse-delete, serialFree, pivotCategorySourceDetail, position-create, source-edit, people-edit, printAssignSerial, source-delete, role-list, product-category-delete, maintenance-delete, maintenanceDone, office-delete, manufacturer-delete, department-edit, pivotCategorySourceDetailRef, people-delete, office-edit, report-by-people-department-list, assign-serial-list, product-delete, general-department-delete, product-category-create, general-department-list, department-delete, position-edit, role-create, allProduct, warehouse-create, general-department-edit, assign-serial-delete, assign-serial-edit, maintenance, supply-create, pivotCategorySourceDetailFree])]
 2024-12-09 07:46:09] INFO  [asset-management-system,,] k.g.t.product.ProductController  - (udpateUserSetting) - ResultObject[isSuccessful=true, code=200, message=Successfule, timestamp=2024-12-09T07:46:09.518060800, payload=[ProductSerials[serialId=971, productId=74, serialCode=CN-0CDX4R-QDC00-98M-0F0L-A10, assetCode=, stock=នាយកដ្ឋានបច្ចេកវិទ្យាព័ត៌មាន, usedBy=ការិយាល័យរដ្ឋបាល និងហិរញ្ញវត្ថុ, status=null, color={"color":"\u1794\u17d2\u179a\u1797\u17c1\u17c7","size":"27Inch","note":"\u1794\u1784\u179c\u17b7\u179f\u17b6\u179b\u1791\u17b7\u1789\u17b1\u17d2\u1799\u1798\u17c1\u1792\u17c6\u1794\u17d2\u179a\u17be\u1794\u17d2\u179a\u17b6\u179f\u17cb\u1793\u17c5\u179a\u178f\u1793\u17b6\u1782\u17b6\u179a\u1787\u17b6\u178f\u17b7"}, label=null, note=null]]]
 2024-12-09 07:46:11] INFO  [asset-management-system,,] k.g.t.product.ProductController  - (udpateUserSetting) - ResultObject[isSuccessful=true, code=200, message=Successfule, timestamp=2024-12-09T07:46:11.847246800, payload=[ProductSerials[serialId=971, productId=74, serialCode=CN-0CDX4R-QDC00-98M-0F0L-A10, assetCode=, stock=នាយកដ្ឋានបច្ចេកវិទ្យាព័ត៌មាន, usedBy=ការិយាល័យរដ្ឋបាល និងហិរញ្ញវត្ថុ, status=null, color={"color":"\u1794\u17d2\u179a\u1797\u17c1\u17c7","size":"27Inch","note":"\u1794\u1784\u179c\u17b7\u179f\u17b6\u179b\u1791\u17b7\u1789\u17b1\u17d2\u1799\u1798\u17c1\u1792\u17c6\u1794\u17d2\u179a\u17be\u1794\u17d2\u179a\u17b6\u179f\u17cb\u1793\u17c5\u179a\u178f\u1793\u17b6\u1782\u17b6\u179a\u1787\u17b6\u178f\u17b7"}, label=null, note=null]]]
 2024-12-09 07:46:17] INFO  [asset-management-system,,] k.g.t.product.ProductController  - (udpateUserSetting) - ResultObject[isSuccessful=true, code=200, message=Successfule, timestamp=2024-12-09T07:46:17.967378900, payload=[ProductSerials[serialId=971, productId=74, serialCode=CN-0CDX4R-QDC00-98M-0F0L-A10, assetCode=, stock=នាយកដ្ឋានបច្ចេកវិទ្យាព័ត៌មាន, usedBy=ការិយាល័យរដ្ឋបាល និងហិរញ្ញវត្ថុ, status=null, color={"color":"\u1794\u17d2\u179a\u1797\u17c1\u17c7","size":"27Inch","note":"\u1794\u1784\u179c\u17b7\u179f\u17b6\u179b\u1791\u17b7\u1789\u17b1\u17d2\u1799\u1798\u17c1\u1792\u17c6\u1794\u17d2\u179a\u17be\u1794\u17d2\u179a\u17b6\u179f\u17cb\u1793\u17c5\u179a\u178f\u1793\u17b6\u1782\u17b6\u179a\u1787\u17b6\u178f\u17b7"}, label=null, note=null]]]
 2024-12-09 07:47:52] INFO  [asset-management-system,,] k.g.t.product.ProductController  - (udpateUserSetting) - ResultObject[isSuccessful=true, code=200, message=Successfule, timestamp=2024-12-09T07:47:52.229429700, payload=[ProductSerials[serialId=971, productId=74, serialCode=CN-0CDX4R-QDC00-98M-0F0L-A10, assetCode=, stock=នាយកដ្ឋានបច្ចេកវិទ្យាព័ត៌មាន, usedBy=ការិយាល័យរដ្ឋបាល និងហិរញ្ញវត្ថុ, status=null, color={"color":"\u1794\u17d2\u179a\u1797\u17c1\u17c7","size":"27Inch","note":"\u1794\u1784\u179c\u17b7\u179f\u17b6\u179b\u1791\u17b7\u1789\u17b1\u17d2\u1799\u1798\u17c1\u1792\u17c6\u1794\u17d2\u179a\u17be\u1794\u17d2\u179a\u17b6\u179f\u17cb\u1793\u17c5\u179a\u178f\u1793\u17b6\u1782\u17b6\u179a\u1787\u17b6\u178f\u17b7"}, label=null, note=null]]]
 2024-12-09 07:47:52] INFO  [asset-management-system,,] k.g.t.product.ProductController  - (udpateUserSetting) - ResultObject[isSuccessful=true, code=200, message=Successfule, timestamp=2024-12-09T07:47:52.701022100, payload=[ProductSerials[serialId=971, productId=74, serialCode=CN-0CDX4R-QDC00-98M-0F0L-A10, assetCode=, stock=នាយកដ្ឋានបច្ចេកវិទ្យាព័ត៌មាន, usedBy=ការិយាល័យរដ្ឋបាល និងហិរញ្ញវត្ថុ, status=null, color={"color":"\u1794\u17d2\u179a\u1797\u17c1\u17c7","size":"27Inch","note":"\u1794\u1784\u179c\u17b7\u179f\u17b6\u179b\u1791\u17b7\u1789\u17b1\u17d2\u1799\u1798\u17c1\u1792\u17c6\u1794\u17d2\u179a\u17be\u1794\u17d2\u179a\u17b6\u179f\u17cb\u1793\u17c5\u179a\u178f\u1793\u17b6\u1782\u17b6\u179a\u1787\u17b6\u178f\u17b7"}, label=null, note=null]]]
 2024-12-09 07:47:54] INFO  [asset-management-system,,] k.g.t.product.ProductController  - (udpateUserSetting) - ResultObject[isSuccessful=true, code=200, message=Successfule, timestamp=2024-12-09T07:47:54.944253500, payload=[ProductSerials[serialId=971, productId=74, serialCode=CN-0CDX4R-QDC00-98M-0F0L-A10, assetCode=, stock=នាយកដ្ឋានបច្ចេកវិទ្យាព័ត៌មាន, usedBy=ការិយាល័យរដ្ឋបាល និងហិរញ្ញវត្ថុ, status=null, color={"color":"\u1794\u17d2\u179a\u1797\u17c1\u17c7","size":"27Inch","note":"\u1794\u1784\u179c\u17b7\u179f\u17b6\u179b\u1791\u17b7\u1789\u17b1\u17d2\u1799\u1798\u17c1\u1792\u17c6\u1794\u17d2\u179a\u17be\u1794\u17d2\u179a\u17b6\u179f\u17cb\u1793\u17c5\u179a\u178f\u1793\u17b6\u1782\u17b6\u179a\u1787\u17b6\u178f\u17b7"}, label=null, note=null]]]
 2024-12-09 08:04:58] INFO  [asset-management-system,,] ssPathChangeChangedEventListener - Restarting due to 1 class path change (0 additions, 0 deletions, 1 modification)
 2024-12-09 08:04:58] INFO  [asset-management-system,,] .s.b.w.e.tomcat.GracefulShutdown - Commencing graceful shutdown. Waiting for active requests to complete
 2024-12-09 08:04:58] INFO  [asset-management-system,,] .s.b.w.e.tomcat.GracefulShutdown - Graceful shutdown complete
 2024-12-09 08:04:58] INFO  [asset-management-system,,] m.zaxxer.hikari.HikariDataSource - HikariPool-1 - Shutdown initiated...
 2024-12-09 08:04:58] INFO  [asset-management-system,,] m.zaxxer.hikari.HikariDataSource - HikariPool-1 - Shutdown completed.
 2024-12-09 08:04:58] ERROR [asset-management-system,,] d.LoggingFailureAnalysisReporter - 

***************************
APPLICATION FAILED TO START
***************************

Description:

Config data resource 'file [\d\u01\config\assetconfig.yml]' via location '/d/u01/config/assetconfig.yml' does not exist

Action:

Check that the value '/d/u01/config/assetconfig.yml' at class path resource [application.yml] - 14:7 is correct, or prefix it with 'optional:'

 2024-12-09 08:14:01] INFO  [asset-management-system,,] AssetManagementSystemApplication - Starting AssetManagementSystemApplication using Java 21.0.4 with PID 4624 (D:\gdnt-projects\workspaces\asset-management-system\bin\main started by SOKHOM in D:\gdnt-projects\workspaces\asset-management-system)
 2024-12-09 08:14:01] INFO  [asset-management-system,,] AssetManagementSystemApplication - No active profile set, falling back to 1 default profile: "default"
 2024-12-09 08:14:01] INFO  [asset-management-system,,] olsPropertyDefaultsPostProcessor - Devtools property defaults active! Set 'spring.devtools.add-properties' to 'false' to disable
 2024-12-09 08:14:01] INFO  [asset-management-system,,] olsPropertyDefaultsPostProcessor - For additional web related logging consider setting the 'logging.level.web' property to 'DEBUG'
 2024-12-09 08:14:02] INFO  [asset-management-system,,] .RepositoryConfigurationDelegate - Bootstrapping Spring Data JDBC repositories in DEFAULT mode.
 2024-12-09 08:14:02] INFO  [asset-management-system,,] .RepositoryConfigurationDelegate - Finished Spring Data repository scanning in 17 ms. Found 0 JDBC repository interfaces.
 2024-12-09 08:14:03] INFO  [asset-management-system,,] m.zaxxer.hikari.HikariDataSource - HikariPool-1 - Starting...
 2024-12-09 08:14:11] INFO  [asset-management-system,,] om.zaxxer.hikari.pool.HikariPool - HikariPool-1 - Added connection com.mysql.cj.jdbc.ConnectionImpl@4a7ce1b6
 2024-12-09 08:14:11] INFO  [asset-management-system,,] m.zaxxer.hikari.HikariDataSource - HikariPool-1 - Start completed.
 2024-12-09 08:14:11] INFO  [asset-management-system,,] o.s.b.w.e.tomcat.TomcatWebServer - Tomcat initialized with port 8080 (http)
 2024-12-09 08:14:11] INFO  [asset-management-system,,] .a.catalina.core.StandardService - Starting service [Tomcat]
 2024-12-09 08:14:11] INFO  [asset-management-system,,] o.a.catalina.core.StandardEngine - Starting Servlet engine: [Apache Tomcat/10.1.33]
 2024-12-09 08:14:11] INFO  [asset-management-system,,] a.c.c.C.[Tomcat].[localhost].[/] - Initializing Spring embedded WebApplicationContext
 2024-12-09 08:14:11] INFO  [asset-management-system,,] rvletWebServerApplicationContext - Root WebApplicationContext: initialization completed in 9571 ms
 2024-12-09 08:14:11] WARN  [asset-management-system,,] a.c.c.C.[Tomcat].[localhost].[/] - Cannot deserialize session attribute [SPRING_SECURITY_CONTEXT] for session [ED6E42731BCE8E1825C39CF6BA58E980]
 2024-12-09 08:14:11] ERROR [asset-management-system,,] catalina.session.StandardManager - Exception loading sessions from persistent storage
java.lang.ClassCastException: class java.io.ObjectStreamClass cannot be cast to class java.lang.String (java.io.ObjectStreamClass and java.lang.String are in module java.base of loader 'bootstrap')
	at java.base/java.io.ObjectInputStream.readTypeString(ObjectInputStream.java:1839)
	at java.base/java.io.ObjectStreamClass.readNonProxy(ObjectStreamClass.java:709)
	at java.base/java.io.ObjectInputStream.readClassDescriptor(ObjectInputStream.java:1014)
	at java.base/java.io.ObjectInputStream.readNonProxyDesc(ObjectInputStream.java:2050)
	at java.base/java.io.ObjectInputStream.readClassDesc(ObjectInputStream.java:1927)
	at java.base/java.io.ObjectInputStream.readOrdinaryObject(ObjectInputStream.java:2252)
	at java.base/java.io.ObjectInputStream.readObject0(ObjectInputStream.java:1762)
	at java.base/java.io.ObjectInputStream.readObject(ObjectInputStream.java:540)
	at java.base/java.io.ObjectInputStream.readObject(ObjectInputStream.java:498)
	at org.apache.catalina.session.StandardSession.doReadObject(StandardSession.java:1198)
	at org.apache.catalina.session.StandardSession.readObjectData(StandardSession.java:831)
	at org.apache.catalina.session.StandardManager.doLoad(StandardManager.java:210)
	at org.apache.catalina.session.StandardManager.load(StandardManager.java:156)
	at org.apache.catalina.session.StandardManager.startInternal(StandardManager.java:345)
	at org.apache.catalina.util.LifecycleBase.start(LifecycleBase.java:164)
	at org.apache.catalina.core.StandardContext.startInternal(StandardContext.java:4453)
	at org.apache.catalina.util.LifecycleBase.start(LifecycleBase.java:164)
	at org.apache.catalina.core.ContainerBase$StartChild.call(ContainerBase.java:1203)
	at org.apache.catalina.core.ContainerBase$StartChild.call(ContainerBase.java:1193)
	at java.base/java.util.concurrent.FutureTask.run(FutureTask.java:317)
	at org.apache.tomcat.util.threads.InlineExecutorService.execute(InlineExecutorService.java:75)
	at java.base/java.util.concurrent.AbstractExecutorService.submit(AbstractExecutorService.java:145)
	at org.apache.catalina.core.ContainerBase.startInternal(ContainerBase.java:749)
	at org.apache.catalina.core.StandardHost.startInternal(StandardHost.java:772)
	at org.apache.catalina.util.LifecycleBase.start(LifecycleBase.java:164)
	at org.apache.catalina.core.ContainerBase$StartChild.call(ContainerBase.java:1203)
	at org.apache.catalina.core.ContainerBase$StartChild.call(ContainerBase.java:1193)
	at java.base/java.util.concurrent.FutureTask.run(FutureTask.java:317)
	at org.apache.tomcat.util.threads.InlineExecutorService.execute(InlineExecutorService.java:75)
	at java.base/java.util.concurrent.AbstractExecutorService.submit(AbstractExecutorService.java:145)
	at org.apache.catalina.core.ContainerBase.startInternal(ContainerBase.java:749)
	at org.apache.catalina.core.StandardEngine.startInternal(StandardEngine.java:203)
	at org.apache.catalina.util.LifecycleBase.start(LifecycleBase.java:164)
	at org.apache.catalina.core.StandardService.startInternal(StandardService.java:415)
	at org.apache.catalina.util.LifecycleBase.start(LifecycleBase.java:164)
	at org.apache.catalina.core.StandardServer.startInternal(StandardServer.java:870)
	at org.apache.catalina.util.LifecycleBase.start(LifecycleBase.java:164)
	at org.apache.catalina.startup.Tomcat.start(Tomcat.java:437)
	at org.springframework.boot.web.embedded.tomcat.TomcatWebServer.initialize(TomcatWebServer.java:128)
	at org.springframework.boot.web.embedded.tomcat.TomcatWebServer.<init>(TomcatWebServer.java:107)
	at org.springframework.boot.web.embedded.tomcat.TomcatServletWebServerFactory.getTomcatWebServer(TomcatServletWebServerFactory.java:516)
	at org.springframework.boot.web.embedded.tomcat.TomcatServletWebServerFactory.getWebServer(TomcatServletWebServerFactory.java:222)
	at org.springframework.boot.web.servlet.context.ServletWebServerApplicationContext.createWebServer(ServletWebServerApplicationContext.java:188)
	at org.springframework.boot.web.servlet.context.ServletWebServerApplicationContext.onRefresh(ServletWebServerApplicationContext.java:162)
	at org.springframework.context.support.AbstractApplicationContext.refresh(AbstractApplicationContext.java:621)
	at org.springframework.boot.web.servlet.context.ServletWebServerApplicationContext.refresh(ServletWebServerApplicationContext.java:146)
	at org.springframework.boot.SpringApplication.refresh(SpringApplication.java:752)
	at org.springframework.boot.SpringApplication.refreshContext(SpringApplication.java:439)
	at org.springframework.boot.SpringApplication.run(SpringApplication.java:318)
	at org.springframework.boot.SpringApplication.run(SpringApplication.java:1361)
	at org.springframework.boot.SpringApplication.run(SpringApplication.java:1350)
	at kh.gov.treasury.AssetManagementSystemApplication.main(AssetManagementSystemApplication.java:10)
	at java.base/jdk.internal.reflect.DirectMethodHandleAccessor.invoke(DirectMethodHandleAccessor.java:103)
	at java.base/java.lang.reflect.Method.invoke(Method.java:580)
	at org.springframework.boot.devtools.restart.RestartLauncher.run(RestartLauncher.java:50)
 2024-12-09 08:14:11] INFO  [asset-management-system,,] icationProviderManagerConfigurer - Global AuthenticationManager configured with AuthenticationProvider bean with name authenticationProvider
 2024-12-09 08:14:11] WARN  [asset-management-system,,] lizeUserDetailsManagerConfigurer - Global AuthenticationManager configured with an AuthenticationProvider bean. UserDetailsService beans will not be used by Spring Security for automatically configuring username/password login. Consider removing the AuthenticationProvider bean. Alternatively, consider using the UserDetailsService in a manually instantiated DaoAuthenticationProvider. If the current configuration is intentional, to turn off this warning, increase the logging level of 'org.springframework.security.config.annotation.authentication.configuration.InitializeUserDetailsBeanManagerConfigurer' to ERROR
 2024-12-09 08:14:12] INFO  [asset-management-system,,] s.b.d.a.OptionalLiveReloadServer - LiveReload server is running on port 35729
 2024-12-09 08:14:12] INFO  [asset-management-system,,] o.s.b.w.e.tomcat.TomcatWebServer - Tomcat started on port 8080 (http) with context path '/'
 2024-12-09 08:14:12] INFO  [asset-management-system,,] AssetManagementSystemApplication - Started AssetManagementSystemApplication in 11.841 seconds (process running for 12.848)
 2024-12-09 08:14:24] INFO  [asset-management-system,,] a.c.c.C.[Tomcat].[localhost].[/] - Initializing Spring DispatcherServlet 'dispatcherServlet'
 2024-12-09 08:14:24] INFO  [asset-management-system,,] .s.web.servlet.DispatcherServlet - Initializing Servlet 'dispatcherServlet'
 2024-12-09 08:14:24] INFO  [asset-management-system,,] .s.web.servlet.DispatcherServlet - Completed initialization in 1 ms
 2024-12-09 08:14:27] INFO  [asset-management-system,,] .t.config.HttpUserDetailsService - HttpUserDetails[request=HttpUserDetailsRequest(username=sokhomngor@gmail.com, password=null, name=null, photo=null, roles=[], permissions=[])]
 2024-12-09 08:14:27] WARN  [asset-management-system,,] s.c.bcrypt.BCryptPasswordEncoder - Empty encoded password
 2024-12-09 08:37:42] WARN  [asset-management-system,,] com.zaxxer.hikari.pool.PoolBase  - HikariPool-1 - Failed to validate connection com.mysql.cj.jdbc.ConnectionImpl@4a7ce1b6 (No operations allowed after connection closed.). Possibly consider using a shorter maxLifetime value.
 2024-12-09 08:37:42] WARN  [asset-management-system,,] com.zaxxer.hikari.pool.PoolBase  - HikariPool-1 - Failed to validate connection com.mysql.cj.jdbc.ConnectionImpl@7908439a (No operations allowed after connection closed.). Possibly consider using a shorter maxLifetime value.
 2024-12-09 08:37:42] WARN  [asset-management-system,,] com.zaxxer.hikari.pool.PoolBase  - HikariPool-1 - Failed to validate connection com.mysql.cj.jdbc.ConnectionImpl@6f14a67a (No operations allowed after connection closed.). Possibly consider using a shorter maxLifetime value.
 2024-12-09 08:37:42] WARN  [asset-management-system,,] com.zaxxer.hikari.pool.PoolBase  - HikariPool-1 - Failed to validate connection com.mysql.cj.jdbc.ConnectionImpl@79121c2 (No operations allowed after connection closed.). Possibly consider using a shorter maxLifetime value.
 2024-12-09 08:37:42] WARN  [asset-management-system,,] com.zaxxer.hikari.pool.PoolBase  - HikariPool-1 - Failed to validate connection com.mysql.cj.jdbc.ConnectionImpl@71a72392 (No operations allowed after connection closed.). Possibly consider using a shorter maxLifetime value.
 2024-12-09 08:37:50] INFO  [asset-management-system,,] .t.config.HttpUserDetailsService - HttpUserDetails[request=HttpUserDetailsRequest(username=sokhomngor@gmail.com, password=$2y$10$418hRKhPLSQU4QYkNYN8M.7jFaRHXuRgV/ZemoVuz/xSVhPu4QHoS, name=null, photo=null, roles=[Officials, Admin], permissions=[manufacturer-create, allSerial, maintenance-edit, report-by-department-list, serialUsing, product-list, manufacturer-edit, maintenance-create, position-list, manufacturer-list, pivotCategorySourceDetailUsing, maintenance-list, ref, ministry-list, pivotCategorySource, product-category-list, office-list, user-list, product-edit, user-create, warehouse-list, ministry-create, source-list, supply-delete, position-delete, product-category-edit, ministry-edit, source-create, role-delete, supply-edit, ministry-delete, assign-serial-create, office-create, product-create, general-department-create, supply-list, serialReturn, department-create, user-edit, warehouse-edit, people-create, role-edit, people-list, department-list, user-delete, privacy, warehouse-delete, serialFree, pivotCategorySourceDetail, position-create, source-edit, people-edit, printAssignSerial, source-delete, role-list, product-category-delete, maintenance-delete, maintenanceDone, office-delete, manufacturer-delete, department-edit, pivotCategorySourceDetailRef, people-delete, office-edit, report-by-people-department-list, assign-serial-list, product-delete, general-department-delete, product-category-create, general-department-list, department-delete, position-edit, role-create, allProduct, warehouse-create, general-department-edit, assign-serial-delete, assign-serial-edit, maintenance, supply-create, pivotCategorySourceDetailFree])]
 2024-12-09 08:38:02] INFO  [asset-management-system,,] gov.treasury.user.UserController - (udpateUserPhoto) - org.springframework.web.multipart.support.StandardMultipartHttpServletRequest$StandardMultipartFile@471c226a
 2024-12-09 08:38:09] INFO  [asset-management-system,,] .t.config.HttpUserDetailsService - HttpUserDetails[request=HttpUserDetailsRequest(username=sokhomngor@gmail.com, password=$2y$10$418hRKhPLSQU4QYkNYN8M.7jFaRHXuRgV/ZemoVuz/xSVhPu4QHoS, name=null, photo=null, roles=[Officials, Admin], permissions=[manufacturer-create, allSerial, maintenance-edit, report-by-department-list, serialUsing, product-list, manufacturer-edit, maintenance-create, position-list, manufacturer-list, pivotCategorySourceDetailUsing, maintenance-list, ref, ministry-list, pivotCategorySource, product-category-list, office-list, user-list, product-edit, user-create, warehouse-list, ministry-create, source-list, supply-delete, position-delete, product-category-edit, ministry-edit, source-create, role-delete, supply-edit, ministry-delete, assign-serial-create, office-create, product-create, general-department-create, supply-list, serialReturn, department-create, user-edit, warehouse-edit, people-create, role-edit, people-list, department-list, user-delete, privacy, warehouse-delete, serialFree, pivotCategorySourceDetail, position-create, source-edit, people-edit, printAssignSerial, source-delete, role-list, product-category-delete, maintenance-delete, maintenanceDone, office-delete, manufacturer-delete, department-edit, pivotCategorySourceDetailRef, people-delete, office-edit, report-by-people-department-list, assign-serial-list, product-delete, general-department-delete, product-category-create, general-department-list, department-delete, position-edit, role-create, allProduct, warehouse-create, general-department-edit, assign-serial-delete, assign-serial-edit, maintenance, supply-create, pivotCategorySourceDetailFree])]
 2024-12-09 08:39:52] INFO  [asset-management-system,,] .t.config.HttpUserDetailsService - HttpUserDetails[request=HttpUserDetailsRequest(username=sokhomngor@gmail.com, password=$2y$10$418hRKhPLSQU4QYkNYN8M.7jFaRHXuRgV/ZemoVuz/xSVhPu4QHoS, name=null, photo=null, roles=[Officials, Admin], permissions=[manufacturer-create, allSerial, maintenance-edit, report-by-department-list, serialUsing, product-list, manufacturer-edit, maintenance-create, position-list, manufacturer-list, pivotCategorySourceDetailUsing, maintenance-list, ref, ministry-list, pivotCategorySource, product-category-list, office-list, user-list, product-edit, user-create, warehouse-list, ministry-create, source-list, supply-delete, position-delete, product-category-edit, ministry-edit, source-create, role-delete, supply-edit, ministry-delete, assign-serial-create, office-create, product-create, general-department-create, supply-list, serialReturn, department-create, user-edit, warehouse-edit, people-create, role-edit, people-list, department-list, user-delete, privacy, warehouse-delete, serialFree, pivotCategorySourceDetail, position-create, source-edit, people-edit, printAssignSerial, source-delete, role-list, product-category-delete, maintenance-delete, maintenanceDone, office-delete, manufacturer-delete, department-edit, pivotCategorySourceDetailRef, people-delete, office-edit, report-by-people-department-list, assign-serial-list, product-delete, general-department-delete, product-category-create, general-department-list, department-delete, position-edit, role-create, allProduct, warehouse-create, general-department-edit, assign-serial-delete, assign-serial-edit, maintenance, supply-create, pivotCategorySourceDetailFree])]
 2024-12-09 08:41:27] INFO  [asset-management-system,,] .t.config.HttpUserDetailsService - HttpUserDetails[request=HttpUserDetailsRequest(username=sokhomngor@gmail.com, password=$2y$10$418hRKhPLSQU4QYkNYN8M.7jFaRHXuRgV/ZemoVuz/xSVhPu4QHoS, name=null, photo=null, roles=[Officials, Admin], permissions=[manufacturer-create, allSerial, maintenance-edit, report-by-department-list, serialUsing, product-list, manufacturer-edit, maintenance-create, position-list, manufacturer-list, pivotCategorySourceDetailUsing, maintenance-list, ref, ministry-list, pivotCategorySource, product-category-list, office-list, user-list, product-edit, user-create, warehouse-list, ministry-create, source-list, supply-delete, position-delete, product-category-edit, ministry-edit, source-create, role-delete, supply-edit, ministry-delete, assign-serial-create, office-create, product-create, general-department-create, supply-list, serialReturn, department-create, user-edit, warehouse-edit, people-create, role-edit, people-list, department-list, user-delete, privacy, warehouse-delete, serialFree, pivotCategorySourceDetail, position-create, source-edit, people-edit, printAssignSerial, source-delete, role-list, product-category-delete, maintenance-delete, maintenanceDone, office-delete, manufacturer-delete, department-edit, pivotCategorySourceDetailRef, people-delete, office-edit, report-by-people-department-list, assign-serial-list, product-delete, general-department-delete, product-category-create, general-department-list, department-delete, position-edit, role-create, allProduct, warehouse-create, general-department-edit, assign-serial-delete, assign-serial-edit, maintenance, supply-create, pivotCategorySourceDetailFree])]
 2024-12-09 08:47:02] WARN  [asset-management-system,,] com.zaxxer.hikari.pool.PoolBase  - HikariPool-1 - Failed to validate connection com.mysql.cj.jdbc.ConnectionImpl@2ca5cc5e (No operations allowed after connection closed.). Possibly consider using a shorter maxLifetime value.
 2024-12-09 08:47:02] WARN  [asset-management-system,,] com.zaxxer.hikari.pool.PoolBase  - HikariPool-1 - Failed to validate connection com.mysql.cj.jdbc.ConnectionImpl@3fb8c362 (No operations allowed after connection closed.). Possibly consider using a shorter maxLifetime value.
 2024-12-09 08:47:02] WARN  [asset-management-system,,] com.zaxxer.hikari.pool.PoolBase  - HikariPool-1 - Failed to validate connection com.mysql.cj.jdbc.ConnectionImpl@6d4d4943 (No operations allowed after connection closed.). Possibly consider using a shorter maxLifetime value.
 2024-12-09 08:47:02] WARN  [asset-management-system,,] com.zaxxer.hikari.pool.PoolBase  - HikariPool-1 - Failed to validate connection com.mysql.cj.jdbc.ConnectionImpl@6f08bf88 (No operations allowed after connection closed.). Possibly consider using a shorter maxLifetime value.
 2024-12-09 08:47:02] WARN  [asset-management-system,,] com.zaxxer.hikari.pool.PoolBase  - HikariPool-1 - Failed to validate connection com.mysql.cj.jdbc.ConnectionImpl@6c488cd7 (No operations allowed after connection closed.). Possibly consider using a shorter maxLifetime value.
 2024-12-09 08:47:02] WARN  [asset-management-system,,] com.zaxxer.hikari.pool.PoolBase  - HikariPool-1 - Failed to validate connection com.mysql.cj.jdbc.ConnectionImpl@1592e1ef (No operations allowed after connection closed.). Possibly consider using a shorter maxLifetime value.
 2024-12-09 08:49:04] INFO  [asset-management-system,,] kh.gov.treasury.user.UserDao     - (userSetting)(READ) - UserSettingDto(name=ង៉ោ សុខុម, email=sokhomngor@gmail.com, password=null, gender=null, phone=086 883 580, photo=uploads/users/24333_1538098075_2158.png)
 2024-12-09 08:49:16] INFO  [asset-management-system,,] kh.gov.treasury.user.UserDao     - (userSetting)(READ) - UserSettingDto(name=ង៉ោ សុខុម, email=sokhomngor@gmail.com, password=null, gender=null, phone=086 883 580, photo=uploads/users/24333_1538098075_2158.png)
 2024-12-09 08:49:21] INFO  [asset-management-system,,] gov.treasury.user.UserController - (udpateUserPhoto) - org.springframework.web.multipart.support.StandardMultipartHttpServletRequest$StandardMultipartFile@32fc7bbc
 2024-12-09 08:49:28] INFO  [asset-management-system,,] gov.treasury.user.UserController - (udpateUserPhoto) - org.springframework.web.multipart.support.StandardMultipartHttpServletRequest$StandardMultipartFile@740026a4
 2024-12-09 08:49:32] INFO  [asset-management-system,,] kh.gov.treasury.user.UserDao     - (userSetting)(READ) - UserSettingDto(name=ង៉ោ សុខុម, email=sokhomngor@gmail.com, password=null, gender=null, phone=086 883 580, photo=uploads/users/24333_1538098075_2158.png)
 2024-12-09 08:50:25] INFO  [asset-management-system,,] .t.config.HttpUserDetailsService - HttpUserDetails[request=HttpUserDetailsRequest(username=sokhomngor@gmail.com, password=$2y$10$418hRKhPLSQU4QYkNYN8M.7jFaRHXuRgV/ZemoVuz/xSVhPu4QHoS, name=null, photo=null, roles=[Officials, Admin], permissions=[manufacturer-create, allSerial, maintenance-edit, report-by-department-list, serialUsing, product-list, manufacturer-edit, maintenance-create, position-list, manufacturer-list, pivotCategorySourceDetailUsing, maintenance-list, ref, ministry-list, pivotCategorySource, product-category-list, office-list, user-list, product-edit, user-create, warehouse-list, ministry-create, source-list, supply-delete, position-delete, product-category-edit, ministry-edit, source-create, role-delete, supply-edit, ministry-delete, assign-serial-create, office-create, product-create, general-department-create, supply-list, serialReturn, department-create, user-edit, warehouse-edit, people-create, role-edit, people-list, department-list, user-delete, privacy, warehouse-delete, serialFree, pivotCategorySourceDetail, position-create, source-edit, people-edit, printAssignSerial, source-delete, role-list, product-category-delete, maintenance-delete, maintenanceDone, office-delete, manufacturer-delete, department-edit, pivotCategorySourceDetailRef, people-delete, office-edit, report-by-people-department-list, assign-serial-list, product-delete, general-department-delete, product-category-create, general-department-list, department-delete, position-edit, role-create, allProduct, warehouse-create, general-department-edit, assign-serial-delete, assign-serial-edit, maintenance, supply-create, pivotCategorySourceDetailFree])]
 2024-12-09 08:51:17] INFO  [asset-management-system,,] ssPathChangeChangedEventListener - Restarting due to 3 class path changes (0 additions, 0 deletions, 3 modifications)
 2024-12-09 08:51:17] INFO  [asset-management-system,,] .s.b.w.e.tomcat.GracefulShutdown - Commencing graceful shutdown. Waiting for active requests to complete
 2024-12-09 08:51:17] INFO  [asset-management-system,,] .s.b.w.e.tomcat.GracefulShutdown - Graceful shutdown complete
 2024-12-09 08:51:17] INFO  [asset-management-system,,] m.zaxxer.hikari.HikariDataSource - HikariPool-1 - Shutdown initiated...
 2024-12-09 08:51:19] INFO  [asset-management-system,,] m.zaxxer.hikari.HikariDataSource - HikariPool-1 - Shutdown completed.
 2024-12-09 08:51:19] INFO  [asset-management-system,,] AssetManagementSystemApplication - Starting AssetManagementSystemApplication using Java 21.0.4 with PID 4624 (D:\gdnt-projects\workspaces\asset-management-system\bin\main started by SOKHOM in D:\gdnt-projects\workspaces\asset-management-system)
 2024-12-09 08:51:19] INFO  [asset-management-system,,] AssetManagementSystemApplication - No active profile set, falling back to 1 default profile: "default"
 2024-12-09 08:51:19] INFO  [asset-management-system,,] .RepositoryConfigurationDelegate - Bootstrapping Spring Data JDBC repositories in DEFAULT mode.
 2024-12-09 08:51:19] INFO  [asset-management-system,,] .RepositoryConfigurationDelegate - Finished Spring Data repository scanning in 5 ms. Found 0 JDBC repository interfaces.
 2024-12-09 08:51:19] INFO  [asset-management-system,,] m.zaxxer.hikari.HikariDataSource - HikariPool-2 - Starting...
 2024-12-09 08:51:27] INFO  [asset-management-system,,] om.zaxxer.hikari.pool.HikariPool - HikariPool-2 - Added connection com.mysql.cj.jdbc.ConnectionImpl@2fd39f9
 2024-12-09 08:51:27] INFO  [asset-management-system,,] m.zaxxer.hikari.HikariDataSource - HikariPool-2 - Start completed.
 2024-12-09 08:51:27] INFO  [asset-management-system,,] o.s.b.w.e.tomcat.TomcatWebServer - Tomcat initialized with port 8080 (http)
 2024-12-09 08:51:27] INFO  [asset-management-system,,] .a.catalina.core.StandardService - Starting service [Tomcat]
 2024-12-09 08:51:27] INFO  [asset-management-system,,] o.a.catalina.core.StandardEngine - Starting Servlet engine: [Apache Tomcat/10.1.33]
 2024-12-09 08:51:27] INFO  [asset-management-system,,] a.c.c.C.[Tomcat].[localhost].[/] - Initializing Spring embedded WebApplicationContext
 2024-12-09 08:51:27] INFO  [asset-management-system,,] rvletWebServerApplicationContext - Root WebApplicationContext: initialization completed in 7980 ms
 2024-12-09 08:51:27] WARN  [asset-management-system,,] a.c.c.C.[Tomcat].[localhost].[/] - Cannot deserialize session attribute [SPRING_SECURITY_CONTEXT] for session [4FA35F0F3392E2CCCE27DE4776566254]
 2024-12-09 08:51:27] INFO  [asset-management-system,,] icationProviderManagerConfigurer - Global AuthenticationManager configured with AuthenticationProvider bean with name authenticationProvider
 2024-12-09 08:51:27] WARN  [asset-management-system,,] lizeUserDetailsManagerConfigurer - Global AuthenticationManager configured with an AuthenticationProvider bean. UserDetailsService beans will not be used by Spring Security for automatically configuring username/password login. Consider removing the AuthenticationProvider bean. Alternatively, consider using the UserDetailsService in a manually instantiated DaoAuthenticationProvider. If the current configuration is intentional, to turn off this warning, increase the logging level of 'org.springframework.security.config.annotation.authentication.configuration.InitializeUserDetailsBeanManagerConfigurer' to ERROR
 2024-12-09 08:51:27] INFO  [asset-management-system,,] s.b.d.a.OptionalLiveReloadServer - LiveReload server is running on port 35729
 2024-12-09 08:51:27] INFO  [asset-management-system,,] o.s.b.w.e.tomcat.TomcatWebServer - Tomcat started on port 8080 (http) with context path '/'
 2024-12-09 08:51:27] INFO  [asset-management-system,,] AssetManagementSystemApplication - Started AssetManagementSystemApplication in 8.341 seconds (process running for 2247.599)
 2024-12-09 08:51:27] INFO  [asset-management-system,,] onEvaluationDeltaLoggingListener - Condition evaluation unchanged
 2024-12-09 08:51:35] INFO  [asset-management-system,,] a.c.c.C.[Tomcat].[localhost].[/] - Initializing Spring DispatcherServlet 'dispatcherServlet'
 2024-12-09 08:51:35] INFO  [asset-management-system,,] .s.web.servlet.DispatcherServlet - Initializing Servlet 'dispatcherServlet'
 2024-12-09 08:51:35] INFO  [asset-management-system,,] .s.web.servlet.DispatcherServlet - Completed initialization in 1 ms
 2024-12-09 08:51:37] INFO  [asset-management-system,,] .t.config.HttpUserDetailsService - HttpUserDetails[request=HttpUserDetailsRequest(username=sokhomngor@gmail.com, password=$2y$10$418hRKhPLSQU4QYkNYN8M.7jFaRHXuRgV/ZemoVuz/xSVhPu4QHoS, name=null, photo=null, roles=[Officials, Admin], permissions=[manufacturer-create, allSerial, maintenance-edit, report-by-department-list, serialUsing, product-list, manufacturer-edit, maintenance-create, position-list, manufacturer-list, pivotCategorySourceDetailUsing, maintenance-list, ref, ministry-list, pivotCategorySource, product-category-list, office-list, user-list, product-edit, user-create, warehouse-list, ministry-create, source-list, supply-delete, position-delete, product-category-edit, ministry-edit, source-create, role-delete, supply-edit, ministry-delete, assign-serial-create, office-create, product-create, general-department-create, supply-list, serialReturn, department-create, user-edit, warehouse-edit, people-create, role-edit, people-list, department-list, user-delete, privacy, warehouse-delete, serialFree, pivotCategorySourceDetail, position-create, source-edit, people-edit, printAssignSerial, source-delete, role-list, product-category-delete, maintenance-delete, maintenanceDone, office-delete, manufacturer-delete, department-edit, pivotCategorySourceDetailRef, people-delete, office-edit, report-by-people-department-list, assign-serial-list, product-delete, general-department-delete, product-category-create, general-department-list, department-delete, position-edit, role-create, allProduct, warehouse-create, general-department-edit, assign-serial-delete, assign-serial-edit, maintenance, supply-create, pivotCategorySourceDetailFree])]
 2024-12-09 08:51:44] INFO  [asset-management-system,,] kh.gov.treasury.user.UserDao     - (userSetting)(READ) - UserSettingDto(name=ង៉ោ សុខុម, email=sokhomngor@gmail.com, password=null, gender=null, phone=086 883 580, photo=uploads/users/24333_1538098075_2158.png)
 2024-12-09 08:51:49] INFO  [asset-management-system,,] gov.treasury.user.UserController - (udpateUserPhoto) - org.springframework.web.multipart.support.StandardMultipartHttpServletRequest$StandardMultipartFile@49a77d42
 2024-12-09 08:51:53] INFO  [asset-management-system,,] kh.gov.treasury.user.UserDao     - (userSetting)(READ) - UserSettingDto(name=ង៉ោ សុខុម, email=sokhomngor@gmail.com, password=null, gender=null, phone=086 883 580, photo=images/users/users-bfdcd826-12d0-4e72-ac1a-1acc96ace194.jpg)
 2024-12-09 08:52:22] INFO  [asset-management-system,,] k.g.t.product.ProductController  - (udpateUserSetting) - ResultObject[isSuccessful=true, code=200, message=Successfule, timestamp=2024-12-09T08:52:22.604806700, payload=[ProductSerials[serialId=1264, productId=97, serialCode=1, assetCode=1, stock=នាយកដ្ឋានបច្ចេកវិទ្យាព័ត៌មាន, usedBy=null, status=null, color=null, label=null, note=ជើងទូរទស្សន៏អាចចល័តបាន ខាងរតនាគាក្រុងបានមកយក ហើយមិនទាន់មានឈ្មោះគាត់ក្នុងប្រ.ដូចនេះហើយដាក់ឈ្មោះ ជុំសីថា សិន ឈ្មោះសយ បូរ៉ា មិនទាន់មាក្នុងប្រព័ន្ធ], ProductSerials[serialId=1264, productId=97, serialCode=1, assetCode=1, stock=នាយកដ្ឋានបច្ចេកវិទ្យាព័ត៌មាន, usedBy=null, status=null, color=null, label=null, note=null], ProductSerials[serialId=1328, productId=97, serialCode=លេខរៀង2, assetCode=លេខរៀង2, stock=នាយកដ្ឋានបច្ចេកវិទ្យាព័ត៌មាន, usedBy=null, status=null, color=null, label=null, note=បងសុវណ្ណរ៉ា មកយកមាន ជើងTV,TV,Webcam, Keyboardថតរួបជា១ពូវណ្ណាណពូលីស], ProductSerials[serialId=1329, productId=97, serialCode=3, assetCode=3, stock=នាយកដ្ឋានបច្ចេកវិទ្យាព័ត៌មាន, usedBy=null, status=null, color=null, label=null, note=null], ProductSerials[serialId=1330, productId=97, serialCode=4, assetCode=4, stock=នាយកដ្ឋានបច្ចេកវិទ្យាព័ត៌មាន, usedBy=null, status=null, color=null, label=null, note=null], ProductSerials[serialId=1331, productId=97, serialCode=5, assetCode=5, stock=នាយកដ្ឋានបច្ចេកវិទ្យាព័ត៌មាន, usedBy=null, status=null, color=null, label=null, note=null], ProductSerials[serialId=1352, productId=97, serialCode=6, assetCode=6, stock=នាយកដ្ឋានបច្ចេកវិទ្យាព័ត៌មាន, usedBy=null, status=null, color={"size":"\u179b\u17c1\u1781\u179a\u17c0\u178417","color":"\u1781\u17d2\u1798\u17c5","note":"\u179b\u17c1\u1781\u179a\u17c0\u178417\u1799\u1780\u178f\u17b6\u1798\u179b\u17c1\u1781 \u17af\u1780\u179f\u17b6\u179a Label \u1794\u1784\u17cb\u179b\u17be\u1780\u17c1\u179f Serial PDF"}, label=null, note=លេខលើកេសរបស់ជើងទូរទស្សន៍17], ProductSerials[serialId=1353, productId=97, serialCode=7, assetCode=7, stock=នាយកដ្ឋានបច្ចេកវិទ្យាព័ត៌មាន, usedBy=null, status=null, color=null, label=null, note=បងវិសាល មិនបានដាក់SN មិនបាច់ផ្ទៀងSNទេ], ProductSerials[serialId=1354, productId=97, serialCode=8, assetCode=8, stock=នាយកដ្ឋានបច្ចេកវិទ្យាព័ត៌មាន, usedBy=null, status=null, color=null, label=null, note=បងវិសាល មិនបានដាក់SN មិនបាច់ផ្ទៀងSNទេ], ProductSerials[serialId=1390, productId=97, serialCode=9, assetCode=9, stock=នាយកដ្ឋានបច្ចេកវិទ្យាព័ត៌មាន, usedBy=null, status=null, color=null, label=null, note=ឌុក ដារិន ប្អូនប្រុសបងវិសុទ្ធមកទទួលសម្ភារជំនួស ប្រធានរតនាគារខេត្ត មណ្ឌលគិរី], ProductSerials[serialId=1391, productId=97, serialCode=10, assetCode=10, stock=នាយកដ្ឋានបច្ចេកវិទ្យាព័ត៌មាន, usedBy=null, status=null, color=null, label=null, note=លោកពូ ប៉ក់ សុភាព មកទទួលសម្ភារជំនួស], ProductSerials[serialId=1392, productId=97, serialCode=11, assetCode=11, stock=នាយកដ្ឋានបច្ចេកវិទ្យាព័ត៌មាន, usedBy=null, status=null, color={"color":"\u1781\u17d2\u1798\u17c5"}, label=null, note=លោកពូ ប៉ក់ សុភាព មកទទួលសម្ភារជំនួស], ProductSerials[serialId=1393, productId=97, serialCode=12, assetCode=12, stock=នាយកដ្ឋានបច្ចេកវិទ្យាព័ត៌មាន, usedBy=null, status=null, color={"color":"\u1781\u17d2\u1798\u17c5"}, label=null, note=ឌុក ដារិន ប្អូនវិសុទ្ធ មកទទួលសម្ភារជំនួស], ProductSerials[serialId=1396, productId=97, serialCode=13, assetCode=13, stock=នាយកដ្ឋានបច្ចេកវិទ្យាព័ត៌មាន, usedBy=null, status=null, color=null, label=null, note=លោកឌុក ដារិន ប្អូនប្រុសបងវិសុទ្ធមកទទួលជំនួស], ProductSerials[serialId=1397, productId=97, serialCode=14, assetCode=14, stock=នាយកដ្ឋានបច្ចេកវិទ្យាព័ត៌មាន, usedBy=null, status=null, color=null, label=null, note=លោក ថាន សុធារ៉ា អនុប្រធានរដ្ឋបាលនិងបុគ្គលិក មកទទួលជាមួយ Microphone], ProductSerials[serialId=1398, productId=97, serialCode=15, assetCode=15, stock=នាយកដ្ឋានបច្ចេកវិទ្យាព័ត៌មាន, usedBy=null, status=null, color=null, label=null, note=លោក ឌុក ដារិន ប្អូនប្រុសបងវិសុទ្ធទទួលជំនួស], ProductSerials[serialId=1399, productId=97, serialCode=16, assetCode=16, stock=នាយកដ្ឋានបច្ចេកវិទ្យាព័ត៌មាន, usedBy=null, status=null, color=null, label=null, note=បងឌុក ដារិន ប្អូនប្រុសបងវិសុទ្ធទទួលសម្ភារជំនួស], ProductSerials[serialId=1400, productId=97, serialCode=17, assetCode=17, stock=នាយកដ្ឋានបច្ចេកវិទ្យាព័ត៌មាន, usedBy=null, status=null, color=null, label=null, note=បងឌុក ដារិន ប្អូនប្រុសបងវិសុទ្ធទទួលសម្ភារជំនួស], ProductSerials[serialId=1401, productId=97, serialCode=18, assetCode=18, stock=នាយកដ្ឋានបច្ចេកវិទ្យាព័ត៌មាន, usedBy=null, status=null, color=null, label=null, note=លោក ហ៊ុន វណ្ណា (ពូ ប៉ូលីស) មកទទួលសម្ភារជំនួស], ProductSerials[serialId=1402, productId=97, serialCode=19, assetCode=19, stock=នាយកដ្ឋានបច្ចេកវិទ្យាព័ត៌មាន, usedBy=null, status=null, color=null, label=null, note=លោក ប៉ក់ សុភាព ទទួលសម្ភារជំនួសជាមួយ ​Microphone], ProductSerials[serialId=1403, productId=97, serialCode=20, assetCode=20, stock=នាយកដ្ឋានបច្ចេកវិទ្យាព័ត៌មាន, usedBy=null, status=null, color=null, label=null, note=លោក ស៊ិន គឹមហាក់ មកទទួលសម្ភារ], ProductSerials[serialId=1404, productId=97, serialCode=21, assetCode=21, stock=នាយកដ្ឋានបច្ចេកវិទ្យាព័ត៌មាន, usedBy=null, status=null, color=null, label=null, note=លោក ប៉ក់ សុភាព ទទួលសម្ភារជំនួស], ProductSerials[serialId=1405, productId=97, serialCode=22, assetCode=22, stock=នាយកដ្ឋានបច្ចេកវិទ្យាព័ត៌មាន, usedBy=null, status=null, color=null, label=null, note=លោក ឌុក ដារិន ប្អូនប្រុសបងវិសុទ្ធទទួលសម្ភារ( ជើងទូរទស្សន៍ Microphone)ជំនួស], ProductSerials[serialId=1406, productId=97, serialCode=23, assetCode=23, stock=នាយកដ្ឋានបច្ចេកវិទ្យាព័ត៌មាន, usedBy=null, status=null, color=null, label=null, note=លោក ឌុក ដារិន​ ទទួលសម្ភារជំនួស (ជើងទូរទស្សន៍ Microphone)], ProductSerials[serialId=1407, productId=97, serialCode=24, assetCode=24, stock=នាយកដ្ឋានបច្ចេកវិទ្យាព័ត៌មាន, usedBy=null, status=null, color=null, label=null, note=ជើងទូរទស្សន៍ដែលបានបកកេសរួចដាក់ជាមួយទូរទស្សន៍រួចជាស្រេច], ProductSerials[serialId=1408, productId=97, serialCode=25, assetCode=25, stock=នាយកដ្ឋានបច្ចេកវិទ្យាព័ត៌មាន, usedBy=null, status=null, color=null, label=null, note=លោក មាច តារា មកទទួលជើងទូរទស្សន៍ជាមួយនឹង Microphone Laptop Acer Aspire]]]
 2024-12-09 08:52:27] INFO  [asset-management-system,,] k.g.t.product.ProductController  - (udpateUserSetting) - ResultObject[isSuccessful=true, code=200, message=Successfule, timestamp=2024-12-09T08:52:27.306893700, payload=[ProductSerials[serialId=1409, productId=109, serialCode=PA LAX 12, assetCode=PA LAX 12, stock=នាយកដ្ឋានបច្ចេកវិទ្យាព័ត៌មាន, usedBy=null, status=null, color={"color":"\u1796\u178e\u17d0\u17c6\u1798\u17b6\u179f"}, label=null, note=ឃុំសន្លុង]]]
 2024-12-09 08:53:48] INFO  [asset-management-system,,] Registrar$SpringApplicationAdmin - Application shutdown requested.
 2024-12-09 08:53:48] INFO  [asset-management-system,,] .s.b.w.e.tomcat.GracefulShutdown - Commencing graceful shutdown. Waiting for active requests to complete
 2024-12-09 08:53:48] INFO  [asset-management-system,,] .s.b.w.e.tomcat.GracefulShutdown - Graceful shutdown complete
 2024-12-09 08:53:48] INFO  [asset-management-system,,] m.zaxxer.hikari.HikariDataSource - HikariPool-2 - Shutdown initiated...
 2024-12-09 08:53:50] INFO  [asset-management-system,,] m.zaxxer.hikari.HikariDataSource - HikariPool-2 - Shutdown completed.
