 2024-12-08 19:22:41] INFO  [asset-management-system,,] s.b.d.a.OptionalLiveReloadServer - LiveReload server is running on port 35729
 2024-12-08 19:22:41] INFO  [asset-management-system,,] o.s.b.w.e.tomcat.TomcatWebServer - Tomcat started on port 8080 (http) with context path '/'
 2024-12-08 19:22:41] INFO  [asset-management-system,,] AssetManagementSystemApplication - Started AssetManagementSystemApplication in 0.63 seconds (process running for 30086.137)
 2024-12-08 19:22:41] INFO  [asset-management-system,,] onEvaluationDeltaLoggingListener - Condition evaluation unchanged
 2024-12-08 19:22:46] INFO  [asset-management-system,,] ssPathChangeChangedEventListener - Restarting due to 2 class path changes (0 additions, 0 deletions, 2 modifications)
 2024-12-08 19:22:46] INFO  [asset-management-system,,] .s.b.w.e.tomcat.GracefulShutdown - Commencing graceful shutdown. Waiting for active requests to complete
 2024-12-08 19:22:46] INFO  [asset-management-system,,] .s.b.w.e.tomcat.GracefulShutdown - Graceful shutdown complete
 2024-12-08 19:22:46] INFO  [asset-management-system,,] m.zaxxer.hikari.HikariDataSource - HikariPool-32 - Shutdown initiated...
 2024-12-08 19:22:46] INFO  [asset-management-system,,] m.zaxxer.hikari.HikariDataSource - HikariPool-32 - Shutdown completed.
 2024-12-08 19:22:47] INFO  [asset-management-system,,] AssetManagementSystemApplication - Starting AssetManagementSystemApplication using Java 21.0.4 with PID 3916 (D:\gdnt-projects\workspaces\asset-management-system\bin\main started by SOKHOM in D:\gdnt-projects\workspaces\asset-management-system)
 2024-12-08 19:22:47] INFO  [asset-management-system,,] AssetManagementSystemApplication - No active profile set, falling back to 1 default profile: "default"
 2024-12-08 19:22:47] INFO  [asset-management-system,,] .RepositoryConfigurationDelegate - Bootstrapping Spring Data JDBC repositories in DEFAULT mode.
 2024-12-08 19:22:47] INFO  [asset-management-system,,] .RepositoryConfigurationDelegate - Finished Spring Data repository scanning in 4 ms. Found 0 JDBC repository interfaces.
 2024-12-08 19:22:47] INFO  [asset-management-system,,] m.zaxxer.hikari.HikariDataSource - HikariPool-33 - Starting...
 2024-12-08 19:22:47] INFO  [asset-management-system,,] om.zaxxer.hikari.pool.HikariPool - HikariPool-33 - Added connection com.mysql.cj.jdbc.ConnectionImpl@574d47a7
 2024-12-08 19:22:47] INFO  [asset-management-system,,] m.zaxxer.hikari.HikariDataSource - HikariPool-33 - Start completed.
 2024-12-08 19:22:47] INFO  [asset-management-system,,] o.s.b.w.e.tomcat.TomcatWebServer - Tomcat initialized with port 8080 (http)
 2024-12-08 19:22:47] INFO  [asset-management-system,,] .a.catalina.core.StandardService - Starting service [Tomcat]
 2024-12-08 19:22:47] INFO  [asset-management-system,,] o.a.catalina.core.StandardEngine - Starting Servlet engine: [Apache Tomcat/10.1.33]
 2024-12-08 19:22:47] INFO  [asset-management-system,,] a.c.c.C.[Tomcat].[localhost].[/] - Initializing Spring embedded WebApplicationContext
 2024-12-08 19:22:47] INFO  [asset-management-system,,] rvletWebServerApplicationContext - Root WebApplicationContext: initialization completed in 361 ms
 2024-12-08 19:22:47] INFO  [asset-management-system,,] icationProviderManagerConfigurer - Global AuthenticationManager configured with AuthenticationProvider bean with name authenticationProvider
 2024-12-08 19:22:47] WARN  [asset-management-system,,] lizeUserDetailsManagerConfigurer - Global AuthenticationManager configured with an AuthenticationProvider bean. UserDetailsService beans will not be used by Spring Security for automatically configuring username/password login. Consider removing the AuthenticationProvider bean. Alternatively, consider using the UserDetailsService in a manually instantiated DaoAuthenticationProvider. If the current configuration is intentional, to turn off this warning, increase the logging level of 'org.springframework.security.config.annotation.authentication.configuration.InitializeUserDetailsBeanManagerConfigurer' to ERROR
 2024-12-08 19:22:47] INFO  [asset-management-system,,] s.b.d.a.OptionalLiveReloadServer - LiveReload server is running on port 35729
 2024-12-08 19:22:47] INFO  [asset-management-system,,] o.s.b.w.e.tomcat.TomcatWebServer - Tomcat started on port 8080 (http) with context path '/'
 2024-12-08 19:22:47] INFO  [asset-management-system,,] AssetManagementSystemApplication - Started AssetManagementSystemApplication in 0.633 seconds (process running for 30092.51)
 2024-12-08 19:22:47] INFO  [asset-management-system,,] onEvaluationDeltaLoggingListener - Condition evaluation unchanged
 2024-12-08 19:22:55] INFO  [asset-management-system,,] ssPathChangeChangedEventListener - Restarting due to 1 class path change (0 additions, 0 deletions, 1 modification)
 2024-12-08 19:22:55] INFO  [asset-management-system,,] .s.b.w.e.tomcat.GracefulShutdown - Commencing graceful shutdown. Waiting for active requests to complete
 2024-12-08 19:22:55] INFO  [asset-management-system,,] .s.b.w.e.tomcat.GracefulShutdown - Graceful shutdown complete
 2024-12-08 19:22:55] INFO  [asset-management-system,,] m.zaxxer.hikari.HikariDataSource - HikariPool-33 - Shutdown initiated...
 2024-12-08 19:22:55] INFO  [asset-management-system,,] m.zaxxer.hikari.HikariDataSource - HikariPool-33 - Shutdown completed.
 2024-12-08 19:22:55] INFO  [asset-management-system,,] AssetManagementSystemApplication - Starting AssetManagementSystemApplication using Java 21.0.4 with PID 3916 (D:\gdnt-projects\workspaces\asset-management-system\bin\main started by SOKHOM in D:\gdnt-projects\workspaces\asset-management-system)
 2024-12-08 19:22:55] INFO  [asset-management-system,,] AssetManagementSystemApplication - No active profile set, falling back to 1 default profile: "default"
 2024-12-08 19:22:55] INFO  [asset-management-system,,] .RepositoryConfigurationDelegate - Bootstrapping Spring Data JDBC repositories in DEFAULT mode.
 2024-12-08 19:22:55] INFO  [asset-management-system,,] .RepositoryConfigurationDelegate - Finished Spring Data repository scanning in 3 ms. Found 0 JDBC repository interfaces.
 2024-12-08 19:22:55] INFO  [asset-management-system,,] m.zaxxer.hikari.HikariDataSource - HikariPool-34 - Starting...
 2024-12-08 19:22:55] INFO  [asset-management-system,,] om.zaxxer.hikari.pool.HikariPool - HikariPool-34 - Added connection com.mysql.cj.jdbc.ConnectionImpl@583920f7
 2024-12-08 19:22:55] INFO  [asset-management-system,,] m.zaxxer.hikari.HikariDataSource - HikariPool-34 - Start completed.
 2024-12-08 19:22:55] INFO  [asset-management-system,,] o.s.b.w.e.tomcat.TomcatWebServer - Tomcat initialized with port 8080 (http)
 2024-12-08 19:22:55] INFO  [asset-management-system,,] .a.catalina.core.StandardService - Starting service [Tomcat]
 2024-12-08 19:22:55] INFO  [asset-management-system,,] o.a.catalina.core.StandardEngine - Starting Servlet engine: [Apache Tomcat/10.1.33]
 2024-12-08 19:22:55] INFO  [asset-management-system,,] a.c.c.C.[Tomcat].[localhost].[/] - Initializing Spring embedded WebApplicationContext
 2024-12-08 19:22:55] INFO  [asset-management-system,,] rvletWebServerApplicationContext - Root WebApplicationContext: initialization completed in 331 ms
 2024-12-08 19:22:55] INFO  [asset-management-system,,] icationProviderManagerConfigurer - Global AuthenticationManager configured with AuthenticationProvider bean with name authenticationProvider
 2024-12-08 19:22:55] WARN  [asset-management-system,,] lizeUserDetailsManagerConfigurer - Global AuthenticationManager configured with an AuthenticationProvider bean. UserDetailsService beans will not be used by Spring Security for automatically configuring username/password login. Consider removing the AuthenticationProvider bean. Alternatively, consider using the UserDetailsService in a manually instantiated DaoAuthenticationProvider. If the current configuration is intentional, to turn off this warning, increase the logging level of 'org.springframework.security.config.annotation.authentication.configuration.InitializeUserDetailsBeanManagerConfigurer' to ERROR
 2024-12-08 19:22:56] INFO  [asset-management-system,,] s.b.d.a.OptionalLiveReloadServer - LiveReload server is running on port 35729
 2024-12-08 19:22:56] INFO  [asset-management-system,,] o.s.b.w.e.tomcat.TomcatWebServer - Tomcat started on port 8080 (http) with context path '/'
 2024-12-08 19:22:56] INFO  [asset-management-system,,] AssetManagementSystemApplication - Started AssetManagementSystemApplication in 0.597 seconds (process running for 30101.004)
 2024-12-08 19:22:56] INFO  [asset-management-system,,] onEvaluationDeltaLoggingListener - Condition evaluation unchanged
 2024-12-08 19:23:02] INFO  [asset-management-system,,] ssPathChangeChangedEventListener - Restarting due to 1 class path change (0 additions, 0 deletions, 1 modification)
 2024-12-08 19:23:02] INFO  [asset-management-system,,] .s.b.w.e.tomcat.GracefulShutdown - Commencing graceful shutdown. Waiting for active requests to complete
 2024-12-08 19:23:02] INFO  [asset-management-system,,] .s.b.w.e.tomcat.GracefulShutdown - Graceful shutdown complete
 2024-12-08 19:23:02] INFO  [asset-management-system,,] m.zaxxer.hikari.HikariDataSource - HikariPool-34 - Shutdown initiated...
 2024-12-08 19:23:02] INFO  [asset-management-system,,] m.zaxxer.hikari.HikariDataSource - HikariPool-34 - Shutdown completed.
 2024-12-08 19:23:02] INFO  [asset-management-system,,] AssetManagementSystemApplication - Starting AssetManagementSystemApplication using Java 21.0.4 with PID 3916 (D:\gdnt-projects\workspaces\asset-management-system\bin\main started by SOKHOM in D:\gdnt-projects\workspaces\asset-management-system)
 2024-12-08 19:23:02] INFO  [asset-management-system,,] AssetManagementSystemApplication - No active profile set, falling back to 1 default profile: "default"
 2024-12-08 19:23:03] INFO  [asset-management-system,,] .RepositoryConfigurationDelegate - Bootstrapping Spring Data JDBC repositories in DEFAULT mode.
 2024-12-08 19:23:03] INFO  [asset-management-system,,] .RepositoryConfigurationDelegate - Finished Spring Data repository scanning in 2 ms. Found 0 JDBC repository interfaces.
 2024-12-08 19:23:03] INFO  [asset-management-system,,] m.zaxxer.hikari.HikariDataSource - HikariPool-35 - Starting...
 2024-12-08 19:23:03] INFO  [asset-management-system,,] om.zaxxer.hikari.pool.HikariPool - HikariPool-35 - Added connection com.mysql.cj.jdbc.ConnectionImpl@7e14693a
 2024-12-08 19:23:03] INFO  [asset-management-system,,] m.zaxxer.hikari.HikariDataSource - HikariPool-35 - Start completed.
 2024-12-08 19:23:03] INFO  [asset-management-system,,] o.s.b.w.e.tomcat.TomcatWebServer - Tomcat initialized with port 8080 (http)
 2024-12-08 19:23:03] INFO  [asset-management-system,,] .a.catalina.core.StandardService - Starting service [Tomcat]
 2024-12-08 19:23:03] INFO  [asset-management-system,,] o.a.catalina.core.StandardEngine - Starting Servlet engine: [Apache Tomcat/10.1.33]
 2024-12-08 19:23:03] INFO  [asset-management-system,,] a.c.c.C.[Tomcat].[localhost].[/] - Initializing Spring embedded WebApplicationContext
 2024-12-08 19:23:03] INFO  [asset-management-system,,] rvletWebServerApplicationContext - Root WebApplicationContext: initialization completed in 348 ms
 2024-12-08 19:23:03] INFO  [asset-management-system,,] icationProviderManagerConfigurer - Global AuthenticationManager configured with AuthenticationProvider bean with name authenticationProvider
 2024-12-08 19:23:03] WARN  [asset-management-system,,] lizeUserDetailsManagerConfigurer - Global AuthenticationManager configured with an AuthenticationProvider bean. UserDetailsService beans will not be used by Spring Security for automatically configuring username/password login. Consider removing the AuthenticationProvider bean. Alternatively, consider using the UserDetailsService in a manually instantiated DaoAuthenticationProvider. If the current configuration is intentional, to turn off this warning, increase the logging level of 'org.springframework.security.config.annotation.authentication.configuration.InitializeUserDetailsBeanManagerConfigurer' to ERROR
 2024-12-08 19:23:03] INFO  [asset-management-system,,] s.b.d.a.OptionalLiveReloadServer - LiveReload server is running on port 35729
 2024-12-08 19:23:03] INFO  [asset-management-system,,] o.s.b.w.e.tomcat.TomcatWebServer - Tomcat started on port 8080 (http) with context path '/'
 2024-12-08 19:23:03] INFO  [asset-management-system,,] AssetManagementSystemApplication - Started AssetManagementSystemApplication in 0.632 seconds (process running for 30108.402)
 2024-12-08 19:23:03] INFO  [asset-management-system,,] onEvaluationDeltaLoggingListener - Condition evaluation unchanged
 2024-12-08 19:23:24] INFO  [asset-management-system,,] ssPathChangeChangedEventListener - Restarting due to 2 class path changes (0 additions, 0 deletions, 2 modifications)
 2024-12-08 19:23:24] INFO  [asset-management-system,,] .s.b.w.e.tomcat.GracefulShutdown - Commencing graceful shutdown. Waiting for active requests to complete
 2024-12-08 19:23:24] INFO  [asset-management-system,,] .s.b.w.e.tomcat.GracefulShutdown - Graceful shutdown complete
 2024-12-08 19:23:24] INFO  [asset-management-system,,] m.zaxxer.hikari.HikariDataSource - HikariPool-35 - Shutdown initiated...
 2024-12-08 19:23:25] INFO  [asset-management-system,,] m.zaxxer.hikari.HikariDataSource - HikariPool-35 - Shutdown completed.
 2024-12-08 19:23:25] INFO  [asset-management-system,,] AssetManagementSystemApplication - Starting AssetManagementSystemApplication using Java 21.0.4 with PID 3916 (D:\gdnt-projects\workspaces\asset-management-system\bin\main started by SOKHOM in D:\gdnt-projects\workspaces\asset-management-system)
 2024-12-08 19:23:25] INFO  [asset-management-system,,] AssetManagementSystemApplication - No active profile set, falling back to 1 default profile: "default"
 2024-12-08 19:23:25] INFO  [asset-management-system,,] .RepositoryConfigurationDelegate - Bootstrapping Spring Data JDBC repositories in DEFAULT mode.
 2024-12-08 19:23:25] INFO  [asset-management-system,,] .RepositoryConfigurationDelegate - Finished Spring Data repository scanning in 2 ms. Found 0 JDBC repository interfaces.
 2024-12-08 19:23:25] INFO  [asset-management-system,,] m.zaxxer.hikari.HikariDataSource - HikariPool-36 - Starting...
 2024-12-08 19:23:25] INFO  [asset-management-system,,] om.zaxxer.hikari.pool.HikariPool - HikariPool-36 - Added connection com.mysql.cj.jdbc.ConnectionImpl@138cb2bc
 2024-12-08 19:23:25] INFO  [asset-management-system,,] m.zaxxer.hikari.HikariDataSource - HikariPool-36 - Start completed.
 2024-12-08 19:23:25] INFO  [asset-management-system,,] o.s.b.w.e.tomcat.TomcatWebServer - Tomcat initialized with port 8080 (http)
 2024-12-08 19:23:25] INFO  [asset-management-system,,] .a.catalina.core.StandardService - Starting service [Tomcat]
 2024-12-08 19:23:25] INFO  [asset-management-system,,] o.a.catalina.core.StandardEngine - Starting Servlet engine: [Apache Tomcat/10.1.33]
 2024-12-08 19:23:25] INFO  [asset-management-system,,] a.c.c.C.[Tomcat].[localhost].[/] - Initializing Spring embedded WebApplicationContext
 2024-12-08 19:23:25] INFO  [asset-management-system,,] rvletWebServerApplicationContext - Root WebApplicationContext: initialization completed in 325 ms
 2024-12-08 19:23:25] INFO  [asset-management-system,,] icationProviderManagerConfigurer - Global AuthenticationManager configured with AuthenticationProvider bean with name authenticationProvider
 2024-12-08 19:23:25] WARN  [asset-management-system,,] lizeUserDetailsManagerConfigurer - Global AuthenticationManager configured with an AuthenticationProvider bean. UserDetailsService beans will not be used by Spring Security for automatically configuring username/password login. Consider removing the AuthenticationProvider bean. Alternatively, consider using the UserDetailsService in a manually instantiated DaoAuthenticationProvider. If the current configuration is intentional, to turn off this warning, increase the logging level of 'org.springframework.security.config.annotation.authentication.configuration.InitializeUserDetailsBeanManagerConfigurer' to ERROR
 2024-12-08 19:23:25] WARN  [asset-management-system,,] rvletWebServerApplicationContext - Exception encountered during context initialization - cancelling refresh attempt: org.springframework.beans.factory.UnsatisfiedDependencyException: Error creating bean with name 'productController': Unsatisfied dependency expressed through field 'productService': Error creating bean with name 'productService': Unsatisfied dependency expressed through field 'productDao': Error creating bean with name 'productDao' defined in file [D:\gdnt-projects\workspaces\asset-management-system\bin\main\kh\gov\treasury\product\ProductDao.class]: Failed to instantiate [kh.gov.treasury.product.ProductDao]: Constructor threw exception
 2024-12-08 19:23:25] INFO  [asset-management-system,,] m.zaxxer.hikari.HikariDataSource - HikariPool-36 - Shutdown initiated...
 2024-12-08 19:23:25] INFO  [asset-management-system,,] m.zaxxer.hikari.HikariDataSource - HikariPool-36 - Shutdown completed.
 2024-12-08 19:23:25] INFO  [asset-management-system,,] .a.catalina.core.StandardService - Stopping service [Tomcat]
 2024-12-08 19:23:25] INFO  [asset-management-system,,] .ConditionEvaluationReportLogger - 

Error starting ApplicationContext. To display the condition evaluation report re-run your application with 'debug' enabled.
 2024-12-08 19:23:25] ERROR [asset-management-system,,] o.s.boot.SpringApplication       - Application run failed
org.springframework.beans.factory.UnsatisfiedDependencyException: Error creating bean with name 'productController': Unsatisfied dependency expressed through field 'productService': Error creating bean with name 'productService': Unsatisfied dependency expressed through field 'productDao': Error creating bean with name 'productDao' defined in file [D:\gdnt-projects\workspaces\asset-management-system\bin\main\kh\gov\treasury\product\ProductDao.class]: Failed to instantiate [kh.gov.treasury.product.ProductDao]: Constructor threw exception
	at org.springframework.beans.factory.annotation.AutowiredAnnotationBeanPostProcessor$AutowiredFieldElement.resolveFieldValue(AutowiredAnnotationBeanPostProcessor.java:788) ~[spring-beans-6.2.0.jar:6.2.0]
	at org.springframework.beans.factory.annotation.AutowiredAnnotationBeanPostProcessor$AutowiredFieldElement.inject(AutowiredAnnotationBeanPostProcessor.java:768) ~[spring-beans-6.2.0.jar:6.2.0]
	at org.springframework.beans.factory.annotation.InjectionMetadata.inject(InjectionMetadata.java:146) ~[spring-beans-6.2.0.jar:6.2.0]
	at org.springframework.beans.factory.annotation.AutowiredAnnotationBeanPostProcessor.postProcessProperties(AutowiredAnnotationBeanPostProcessor.java:509) ~[spring-beans-6.2.0.jar:6.2.0]
	at org.springframework.beans.factory.support.AbstractAutowireCapableBeanFactory.populateBean(AbstractAutowireCapableBeanFactory.java:1435) ~[spring-beans-6.2.0.jar:6.2.0]
	at org.springframework.beans.factory.support.AbstractAutowireCapableBeanFactory.doCreateBean(AbstractAutowireCapableBeanFactory.java:600) ~[spring-beans-6.2.0.jar:6.2.0]
	at org.springframework.beans.factory.support.AbstractAutowireCapableBeanFactory.createBean(AbstractAutowireCapableBeanFactory.java:523) ~[spring-beans-6.2.0.jar:6.2.0]
	at org.springframework.beans.factory.support.AbstractBeanFactory.lambda$doGetBean$0(AbstractBeanFactory.java:336) ~[spring-beans-6.2.0.jar:6.2.0]
	at org.springframework.beans.factory.support.DefaultSingletonBeanRegistry.getSingleton(DefaultSingletonBeanRegistry.java:288) ~[spring-beans-6.2.0.jar:6.2.0]
	at org.springframework.beans.factory.support.AbstractBeanFactory.doGetBean(AbstractBeanFactory.java:334) ~[spring-beans-6.2.0.jar:6.2.0]
	at org.springframework.beans.factory.support.AbstractBeanFactory.getBean(AbstractBeanFactory.java:199) ~[spring-beans-6.2.0.jar:6.2.0]
	at org.springframework.beans.factory.support.DefaultListableBeanFactory.instantiateSingleton(DefaultListableBeanFactory.java:1122) ~[spring-beans-6.2.0.jar:6.2.0]
	at org.springframework.beans.factory.support.DefaultListableBeanFactory.preInstantiateSingleton(DefaultListableBeanFactory.java:1093) ~[spring-beans-6.2.0.jar:6.2.0]
	at org.springframework.beans.factory.support.DefaultListableBeanFactory.preInstantiateSingletons(DefaultListableBeanFactory.java:1030) ~[spring-beans-6.2.0.jar:6.2.0]
	at org.springframework.context.support.AbstractApplicationContext.finishBeanFactoryInitialization(AbstractApplicationContext.java:987) ~[spring-context-6.2.0.jar:6.2.0]
	at org.springframework.context.support.AbstractApplicationContext.refresh(AbstractApplicationContext.java:627) ~[spring-context-6.2.0.jar:6.2.0]
	at org.springframework.boot.web.servlet.context.ServletWebServerApplicationContext.refresh(ServletWebServerApplicationContext.java:146) ~[spring-boot-3.4.0.jar:3.4.0]
	at org.springframework.boot.SpringApplication.refresh(SpringApplication.java:752) ~[spring-boot-3.4.0.jar:3.4.0]
	at org.springframework.boot.SpringApplication.refreshContext(SpringApplication.java:439) ~[spring-boot-3.4.0.jar:3.4.0]
	at org.springframework.boot.SpringApplication.run(SpringApplication.java:318) ~[spring-boot-3.4.0.jar:3.4.0]
	at org.springframework.boot.SpringApplication.run(SpringApplication.java:1361) ~[spring-boot-3.4.0.jar:3.4.0]
	at org.springframework.boot.SpringApplication.run(SpringApplication.java:1350) ~[spring-boot-3.4.0.jar:3.4.0]
	at kh.gov.treasury.AssetManagementSystemApplication.main(AssetManagementSystemApplication.java:10) ~[main/:na]
	at java.base/jdk.internal.reflect.DirectMethodHandleAccessor.invoke(DirectMethodHandleAccessor.java:103) ~[na:na]
	at java.base/java.lang.reflect.Method.invoke(Method.java:580) ~[na:na]
	at org.springframework.boot.devtools.restart.RestartLauncher.run(RestartLauncher.java:50) ~[spring-boot-devtools-3.4.0.jar:3.4.0]
Caused by: org.springframework.beans.factory.UnsatisfiedDependencyException: Error creating bean with name 'productService': Unsatisfied dependency expressed through field 'productDao': Error creating bean with name 'productDao' defined in file [D:\gdnt-projects\workspaces\asset-management-system\bin\main\kh\gov\treasury\product\ProductDao.class]: Failed to instantiate [kh.gov.treasury.product.ProductDao]: Constructor threw exception
	at org.springframework.beans.factory.annotation.AutowiredAnnotationBeanPostProcessor$AutowiredFieldElement.resolveFieldValue(AutowiredAnnotationBeanPostProcessor.java:788) ~[spring-beans-6.2.0.jar:6.2.0]
	at org.springframework.beans.factory.annotation.AutowiredAnnotationBeanPostProcessor$AutowiredFieldElement.inject(AutowiredAnnotationBeanPostProcessor.java:768) ~[spring-beans-6.2.0.jar:6.2.0]
	at org.springframework.beans.factory.annotation.InjectionMetadata.inject(InjectionMetadata.java:146) ~[spring-beans-6.2.0.jar:6.2.0]
	at org.springframework.beans.factory.annotation.AutowiredAnnotationBeanPostProcessor.postProcessProperties(AutowiredAnnotationBeanPostProcessor.java:509) ~[spring-beans-6.2.0.jar:6.2.0]
	at org.springframework.beans.factory.support.AbstractAutowireCapableBeanFactory.populateBean(AbstractAutowireCapableBeanFactory.java:1435) ~[spring-beans-6.2.0.jar:6.2.0]
	at org.springframework.beans.factory.support.AbstractAutowireCapableBeanFactory.doCreateBean(AbstractAutowireCapableBeanFactory.java:600) ~[spring-beans-6.2.0.jar:6.2.0]
	at org.springframework.beans.factory.support.AbstractAutowireCapableBeanFactory.createBean(AbstractAutowireCapableBeanFactory.java:523) ~[spring-beans-6.2.0.jar:6.2.0]
	at org.springframework.beans.factory.support.AbstractBeanFactory.lambda$doGetBean$0(AbstractBeanFactory.java:336) ~[spring-beans-6.2.0.jar:6.2.0]
	at org.springframework.beans.factory.support.DefaultSingletonBeanRegistry.getSingleton(DefaultSingletonBeanRegistry.java:288) ~[spring-beans-6.2.0.jar:6.2.0]
	at org.springframework.beans.factory.support.AbstractBeanFactory.doGetBean(AbstractBeanFactory.java:334) ~[spring-beans-6.2.0.jar:6.2.0]
	at org.springframework.beans.factory.support.AbstractBeanFactory.getBean(AbstractBeanFactory.java:199) ~[spring-beans-6.2.0.jar:6.2.0]
	at org.springframework.beans.factory.support.DefaultListableBeanFactory.doResolveDependency(DefaultListableBeanFactory.java:1568) ~[spring-beans-6.2.0.jar:6.2.0]
	at org.springframework.beans.factory.support.DefaultListableBeanFactory.resolveDependency(DefaultListableBeanFactory.java:1514) ~[spring-beans-6.2.0.jar:6.2.0]
	at org.springframework.beans.factory.annotation.AutowiredAnnotationBeanPostProcessor$AutowiredFieldElement.resolveFieldValue(AutowiredAnnotationBeanPostProcessor.java:785) ~[spring-beans-6.2.0.jar:6.2.0]
	... 25 common frames omitted
Caused by: org.springframework.beans.factory.BeanCreationException: Error creating bean with name 'productDao' defined in file [D:\gdnt-projects\workspaces\asset-management-system\bin\main\kh\gov\treasury\product\ProductDao.class]: Failed to instantiate [kh.gov.treasury.product.ProductDao]: Constructor threw exception
	at org.springframework.beans.factory.support.AbstractAutowireCapableBeanFactory.instantiateBean(AbstractAutowireCapableBeanFactory.java:1333) ~[spring-beans-6.2.0.jar:6.2.0]
	at org.springframework.beans.factory.support.AbstractAutowireCapableBeanFactory.createBeanInstance(AbstractAutowireCapableBeanFactory.java:1218) ~[spring-beans-6.2.0.jar:6.2.0]
	at org.springframework.beans.factory.support.AbstractAutowireCapableBeanFactory.doCreateBean(AbstractAutowireCapableBeanFactory.java:563) ~[spring-beans-6.2.0.jar:6.2.0]
	at org.springframework.beans.factory.support.AbstractAutowireCapableBeanFactory.createBean(AbstractAutowireCapableBeanFactory.java:523) ~[spring-beans-6.2.0.jar:6.2.0]
	at org.springframework.beans.factory.support.AbstractBeanFactory.lambda$doGetBean$0(AbstractBeanFactory.java:336) ~[spring-beans-6.2.0.jar:6.2.0]
	at org.springframework.beans.factory.support.DefaultSingletonBeanRegistry.getSingleton(DefaultSingletonBeanRegistry.java:288) ~[spring-beans-6.2.0.jar:6.2.0]
	at org.springframework.beans.factory.support.AbstractBeanFactory.doGetBean(AbstractBeanFactory.java:334) ~[spring-beans-6.2.0.jar:6.2.0]
	at org.springframework.beans.factory.support.AbstractBeanFactory.getBean(AbstractBeanFactory.java:199) ~[spring-beans-6.2.0.jar:6.2.0]
	at org.springframework.beans.factory.support.DefaultListableBeanFactory.doResolveDependency(DefaultListableBeanFactory.java:1568) ~[spring-beans-6.2.0.jar:6.2.0]
	at org.springframework.beans.factory.support.DefaultListableBeanFactory.resolveDependency(DefaultListableBeanFactory.java:1514) ~[spring-beans-6.2.0.jar:6.2.0]
	at org.springframework.beans.factory.annotation.AutowiredAnnotationBeanPostProcessor$AutowiredFieldElement.resolveFieldValue(AutowiredAnnotationBeanPostProcessor.java:785) ~[spring-beans-6.2.0.jar:6.2.0]
	... 38 common frames omitted
Caused by: org.springframework.beans.BeanInstantiationException: Failed to instantiate [kh.gov.treasury.product.ProductDao]: Constructor threw exception
	at org.springframework.beans.BeanUtils.instantiateClass(BeanUtils.java:222) ~[spring-beans-6.2.0.jar:6.2.0]
	at org.springframework.beans.factory.support.SimpleInstantiationStrategy.instantiate(SimpleInstantiationStrategy.java:122) ~[spring-beans-6.2.0.jar:6.2.0]
	at org.springframework.beans.factory.support.AbstractAutowireCapableBeanFactory.instantiateBean(AbstractAutowireCapableBeanFactory.java:1327) ~[spring-beans-6.2.0.jar:6.2.0]
	... 48 common frames omitted
Caused by: java.lang.Error: Unresolved compilation problems: 
	Syntax error, insert "}" to complete ClassBody
	Syntax error on token ".", @ expected
	productId cannot be resolved to a type
	Syntax error, insert "[ ]" to complete Dimensions
	Syntax error on token "}", delete this token

	at kh.gov.treasury.product.ProductDao.<init>(ProductDao.java:146) ~[main/:na]
	at java.base/jdk.internal.reflect.DirectConstructorHandleAccessor.newInstance(DirectConstructorHandleAccessor.java:62) ~[na:na]
	at java.base/java.lang.reflect.Constructor.newInstanceWithCaller(Constructor.java:502) ~[na:na]
	at java.base/java.lang.reflect.Constructor.newInstance(Constructor.java:486) ~[na:na]
	at org.springframework.beans.BeanUtils.instantiateClass(BeanUtils.java:196) ~[spring-beans-6.2.0.jar:6.2.0]
	... 50 common frames omitted
 2024-12-08 19:24:00] INFO  [asset-management-system,,] AssetManagementSystemApplication - Starting AssetManagementSystemApplication using Java 21.0.4 with PID 3916 (D:\gdnt-projects\workspaces\asset-management-system\bin\main started by SOKHOM in D:\gdnt-projects\workspaces\asset-management-system)
 2024-12-08 19:24:00] INFO  [asset-management-system,,] AssetManagementSystemApplication - No active profile set, falling back to 1 default profile: "default"
 2024-12-08 19:24:00] INFO  [asset-management-system,,] .RepositoryConfigurationDelegate - Bootstrapping Spring Data JDBC repositories in DEFAULT mode.
 2024-12-08 19:24:00] INFO  [asset-management-system,,] .RepositoryConfigurationDelegate - Finished Spring Data repository scanning in 2 ms. Found 0 JDBC repository interfaces.
 2024-12-08 19:24:01] INFO  [asset-management-system,,] m.zaxxer.hikari.HikariDataSource - HikariPool-37 - Starting...
 2024-12-08 19:24:01] INFO  [asset-management-system,,] om.zaxxer.hikari.pool.HikariPool - HikariPool-37 - Added connection com.mysql.cj.jdbc.ConnectionImpl@370c8344
 2024-12-08 19:24:01] INFO  [asset-management-system,,] m.zaxxer.hikari.HikariDataSource - HikariPool-37 - Start completed.
 2024-12-08 19:24:01] INFO  [asset-management-system,,] o.s.b.w.e.tomcat.TomcatWebServer - Tomcat initialized with port 8080 (http)
 2024-12-08 19:24:01] INFO  [asset-management-system,,] .a.catalina.core.StandardService - Starting service [Tomcat]
 2024-12-08 19:24:01] INFO  [asset-management-system,,] o.a.catalina.core.StandardEngine - Starting Servlet engine: [Apache Tomcat/10.1.33]
 2024-12-08 19:24:01] INFO  [asset-management-system,,] c.c.C.[Tomcat-1].[localhost].[/] - Initializing Spring embedded WebApplicationContext
 2024-12-08 19:24:01] INFO  [asset-management-system,,] rvletWebServerApplicationContext - Root WebApplicationContext: initialization completed in 340 ms
 2024-12-08 19:24:01] INFO  [asset-management-system,,] icationProviderManagerConfigurer - Global AuthenticationManager configured with AuthenticationProvider bean with name authenticationProvider
 2024-12-08 19:24:01] WARN  [asset-management-system,,] lizeUserDetailsManagerConfigurer - Global AuthenticationManager configured with an AuthenticationProvider bean. UserDetailsService beans will not be used by Spring Security for automatically configuring username/password login. Consider removing the AuthenticationProvider bean. Alternatively, consider using the UserDetailsService in a manually instantiated DaoAuthenticationProvider. If the current configuration is intentional, to turn off this warning, increase the logging level of 'org.springframework.security.config.annotation.authentication.configuration.InitializeUserDetailsBeanManagerConfigurer' to ERROR
 2024-12-08 19:24:01] WARN  [asset-management-system,,] rvletWebServerApplicationContext - Exception encountered during context initialization - cancelling refresh attempt: org.springframework.beans.factory.UnsatisfiedDependencyException: Error creating bean with name 'productController': Unsatisfied dependency expressed through field 'productService': Error creating bean with name 'productService': Unsatisfied dependency expressed through field 'productDao': Error creating bean with name 'productDao' defined in file [D:\gdnt-projects\workspaces\asset-management-system\bin\main\kh\gov\treasury\product\ProductDao.class]: Failed to instantiate [kh.gov.treasury.product.ProductDao]: Constructor threw exception
 2024-12-08 19:24:01] INFO  [asset-management-system,,] m.zaxxer.hikari.HikariDataSource - HikariPool-37 - Shutdown initiated...
 2024-12-08 19:24:01] INFO  [asset-management-system,,] m.zaxxer.hikari.HikariDataSource - HikariPool-37 - Shutdown completed.
 2024-12-08 19:24:01] INFO  [asset-management-system,,] .a.catalina.core.StandardService - Stopping service [Tomcat]
 2024-12-08 19:24:01] INFO  [asset-management-system,,] .ConditionEvaluationReportLogger - 

Error starting ApplicationContext. To display the condition evaluation report re-run your application with 'debug' enabled.
 2024-12-08 19:24:01] ERROR [asset-management-system,,] o.s.boot.SpringApplication       - Application run failed
org.springframework.beans.factory.UnsatisfiedDependencyException: Error creating bean with name 'productController': Unsatisfied dependency expressed through field 'productService': Error creating bean with name 'productService': Unsatisfied dependency expressed through field 'productDao': Error creating bean with name 'productDao' defined in file [D:\gdnt-projects\workspaces\asset-management-system\bin\main\kh\gov\treasury\product\ProductDao.class]: Failed to instantiate [kh.gov.treasury.product.ProductDao]: Constructor threw exception
	at org.springframework.beans.factory.annotation.AutowiredAnnotationBeanPostProcessor$AutowiredFieldElement.resolveFieldValue(AutowiredAnnotationBeanPostProcessor.java:788) ~[spring-beans-6.2.0.jar:6.2.0]
	at org.springframework.beans.factory.annotation.AutowiredAnnotationBeanPostProcessor$AutowiredFieldElement.inject(AutowiredAnnotationBeanPostProcessor.java:768) ~[spring-beans-6.2.0.jar:6.2.0]
	at org.springframework.beans.factory.annotation.InjectionMetadata.inject(InjectionMetadata.java:146) ~[spring-beans-6.2.0.jar:6.2.0]
	at org.springframework.beans.factory.annotation.AutowiredAnnotationBeanPostProcessor.postProcessProperties(AutowiredAnnotationBeanPostProcessor.java:509) ~[spring-beans-6.2.0.jar:6.2.0]
	at org.springframework.beans.factory.support.AbstractAutowireCapableBeanFactory.populateBean(AbstractAutowireCapableBeanFactory.java:1435) ~[spring-beans-6.2.0.jar:6.2.0]
	at org.springframework.beans.factory.support.AbstractAutowireCapableBeanFactory.doCreateBean(AbstractAutowireCapableBeanFactory.java:600) ~[spring-beans-6.2.0.jar:6.2.0]
	at org.springframework.beans.factory.support.AbstractAutowireCapableBeanFactory.createBean(AbstractAutowireCapableBeanFactory.java:523) ~[spring-beans-6.2.0.jar:6.2.0]
	at org.springframework.beans.factory.support.AbstractBeanFactory.lambda$doGetBean$0(AbstractBeanFactory.java:336) ~[spring-beans-6.2.0.jar:6.2.0]
	at org.springframework.beans.factory.support.DefaultSingletonBeanRegistry.getSingleton(DefaultSingletonBeanRegistry.java:288) ~[spring-beans-6.2.0.jar:6.2.0]
	at org.springframework.beans.factory.support.AbstractBeanFactory.doGetBean(AbstractBeanFactory.java:334) ~[spring-beans-6.2.0.jar:6.2.0]
	at org.springframework.beans.factory.support.AbstractBeanFactory.getBean(AbstractBeanFactory.java:199) ~[spring-beans-6.2.0.jar:6.2.0]
	at org.springframework.beans.factory.support.DefaultListableBeanFactory.instantiateSingleton(DefaultListableBeanFactory.java:1122) ~[spring-beans-6.2.0.jar:6.2.0]
	at org.springframework.beans.factory.support.DefaultListableBeanFactory.preInstantiateSingleton(DefaultListableBeanFactory.java:1093) ~[spring-beans-6.2.0.jar:6.2.0]
	at org.springframework.beans.factory.support.DefaultListableBeanFactory.preInstantiateSingletons(DefaultListableBeanFactory.java:1030) ~[spring-beans-6.2.0.jar:6.2.0]
	at org.springframework.context.support.AbstractApplicationContext.finishBeanFactoryInitialization(AbstractApplicationContext.java:987) ~[spring-context-6.2.0.jar:6.2.0]
	at org.springframework.context.support.AbstractApplicationContext.refresh(AbstractApplicationContext.java:627) ~[spring-context-6.2.0.jar:6.2.0]
	at org.springframework.boot.web.servlet.context.ServletWebServerApplicationContext.refresh(ServletWebServerApplicationContext.java:146) ~[spring-boot-3.4.0.jar:3.4.0]
	at org.springframework.boot.SpringApplication.refresh(SpringApplication.java:752) ~[spring-boot-3.4.0.jar:3.4.0]
	at org.springframework.boot.SpringApplication.refreshContext(SpringApplication.java:439) ~[spring-boot-3.4.0.jar:3.4.0]
	at org.springframework.boot.SpringApplication.run(SpringApplication.java:318) ~[spring-boot-3.4.0.jar:3.4.0]
	at org.springframework.boot.SpringApplication.run(SpringApplication.java:1361) ~[spring-boot-3.4.0.jar:3.4.0]
	at org.springframework.boot.SpringApplication.run(SpringApplication.java:1350) ~[spring-boot-3.4.0.jar:3.4.0]
	at kh.gov.treasury.AssetManagementSystemApplication.main(AssetManagementSystemApplication.java:10) ~[main/:na]
	at java.base/jdk.internal.reflect.DirectMethodHandleAccessor.invoke(DirectMethodHandleAccessor.java:103) ~[na:na]
	at java.base/java.lang.reflect.Method.invoke(Method.java:580) ~[na:na]
	at org.springframework.boot.devtools.restart.RestartLauncher.run(RestartLauncher.java:50) ~[spring-boot-devtools-3.4.0.jar:3.4.0]
Caused by: org.springframework.beans.factory.UnsatisfiedDependencyException: Error creating bean with name 'productService': Unsatisfied dependency expressed through field 'productDao': Error creating bean with name 'productDao' defined in file [D:\gdnt-projects\workspaces\asset-management-system\bin\main\kh\gov\treasury\product\ProductDao.class]: Failed to instantiate [kh.gov.treasury.product.ProductDao]: Constructor threw exception
	at org.springframework.beans.factory.annotation.AutowiredAnnotationBeanPostProcessor$AutowiredFieldElement.resolveFieldValue(AutowiredAnnotationBeanPostProcessor.java:788) ~[spring-beans-6.2.0.jar:6.2.0]
	at org.springframework.beans.factory.annotation.AutowiredAnnotationBeanPostProcessor$AutowiredFieldElement.inject(AutowiredAnnotationBeanPostProcessor.java:768) ~[spring-beans-6.2.0.jar:6.2.0]
	at org.springframework.beans.factory.annotation.InjectionMetadata.inject(InjectionMetadata.java:146) ~[spring-beans-6.2.0.jar:6.2.0]
	at org.springframework.beans.factory.annotation.AutowiredAnnotationBeanPostProcessor.postProcessProperties(AutowiredAnnotationBeanPostProcessor.java:509) ~[spring-beans-6.2.0.jar:6.2.0]
	at org.springframework.beans.factory.support.AbstractAutowireCapableBeanFactory.populateBean(AbstractAutowireCapableBeanFactory.java:1435) ~[spring-beans-6.2.0.jar:6.2.0]
	at org.springframework.beans.factory.support.AbstractAutowireCapableBeanFactory.doCreateBean(AbstractAutowireCapableBeanFactory.java:600) ~[spring-beans-6.2.0.jar:6.2.0]
	at org.springframework.beans.factory.support.AbstractAutowireCapableBeanFactory.createBean(AbstractAutowireCapableBeanFactory.java:523) ~[spring-beans-6.2.0.jar:6.2.0]
	at org.springframework.beans.factory.support.AbstractBeanFactory.lambda$doGetBean$0(AbstractBeanFactory.java:336) ~[spring-beans-6.2.0.jar:6.2.0]
	at org.springframework.beans.factory.support.DefaultSingletonBeanRegistry.getSingleton(DefaultSingletonBeanRegistry.java:288) ~[spring-beans-6.2.0.jar:6.2.0]
	at org.springframework.beans.factory.support.AbstractBeanFactory.doGetBean(AbstractBeanFactory.java:334) ~[spring-beans-6.2.0.jar:6.2.0]
	at org.springframework.beans.factory.support.AbstractBeanFactory.getBean(AbstractBeanFactory.java:199) ~[spring-beans-6.2.0.jar:6.2.0]
	at org.springframework.beans.factory.support.DefaultListableBeanFactory.doResolveDependency(DefaultListableBeanFactory.java:1568) ~[spring-beans-6.2.0.jar:6.2.0]
	at org.springframework.beans.factory.support.DefaultListableBeanFactory.resolveDependency(DefaultListableBeanFactory.java:1514) ~[spring-beans-6.2.0.jar:6.2.0]
	at org.springframework.beans.factory.annotation.AutowiredAnnotationBeanPostProcessor$AutowiredFieldElement.resolveFieldValue(AutowiredAnnotationBeanPostProcessor.java:785) ~[spring-beans-6.2.0.jar:6.2.0]
	... 25 common frames omitted
Caused by: org.springframework.beans.factory.BeanCreationException: Error creating bean with name 'productDao' defined in file [D:\gdnt-projects\workspaces\asset-management-system\bin\main\kh\gov\treasury\product\ProductDao.class]: Failed to instantiate [kh.gov.treasury.product.ProductDao]: Constructor threw exception
	at org.springframework.beans.factory.support.AbstractAutowireCapableBeanFactory.instantiateBean(AbstractAutowireCapableBeanFactory.java:1333) ~[spring-beans-6.2.0.jar:6.2.0]
	at org.springframework.beans.factory.support.AbstractAutowireCapableBeanFactory.createBeanInstance(AbstractAutowireCapableBeanFactory.java:1218) ~[spring-beans-6.2.0.jar:6.2.0]
	at org.springframework.beans.factory.support.AbstractAutowireCapableBeanFactory.doCreateBean(AbstractAutowireCapableBeanFactory.java:563) ~[spring-beans-6.2.0.jar:6.2.0]
	at org.springframework.beans.factory.support.AbstractAutowireCapableBeanFactory.createBean(AbstractAutowireCapableBeanFactory.java:523) ~[spring-beans-6.2.0.jar:6.2.0]
	at org.springframework.beans.factory.support.AbstractBeanFactory.lambda$doGetBean$0(AbstractBeanFactory.java:336) ~[spring-beans-6.2.0.jar:6.2.0]
	at org.springframework.beans.factory.support.DefaultSingletonBeanRegistry.getSingleton(DefaultSingletonBeanRegistry.java:288) ~[spring-beans-6.2.0.jar:6.2.0]
	at org.springframework.beans.factory.support.AbstractBeanFactory.doGetBean(AbstractBeanFactory.java:334) ~[spring-beans-6.2.0.jar:6.2.0]
	at org.springframework.beans.factory.support.AbstractBeanFactory.getBean(AbstractBeanFactory.java:199) ~[spring-beans-6.2.0.jar:6.2.0]
	at org.springframework.beans.factory.support.DefaultListableBeanFactory.doResolveDependency(DefaultListableBeanFactory.java:1568) ~[spring-beans-6.2.0.jar:6.2.0]
	at org.springframework.beans.factory.support.DefaultListableBeanFactory.resolveDependency(DefaultListableBeanFactory.java:1514) ~[spring-beans-6.2.0.jar:6.2.0]
	at org.springframework.beans.factory.annotation.AutowiredAnnotationBeanPostProcessor$AutowiredFieldElement.resolveFieldValue(AutowiredAnnotationBeanPostProcessor.java:785) ~[spring-beans-6.2.0.jar:6.2.0]
	... 38 common frames omitted
Caused by: org.springframework.beans.BeanInstantiationException: Failed to instantiate [kh.gov.treasury.product.ProductDao]: Constructor threw exception
	at org.springframework.beans.BeanUtils.instantiateClass(BeanUtils.java:222) ~[spring-beans-6.2.0.jar:6.2.0]
	at org.springframework.beans.factory.support.SimpleInstantiationStrategy.instantiate(SimpleInstantiationStrategy.java:122) ~[spring-beans-6.2.0.jar:6.2.0]
	at org.springframework.beans.factory.support.AbstractAutowireCapableBeanFactory.instantiateBean(AbstractAutowireCapableBeanFactory.java:1327) ~[spring-beans-6.2.0.jar:6.2.0]
	... 48 common frames omitted
Caused by: java.lang.Error: Unresolved compilation problems: 
	Syntax error, insert "}" to complete ClassBody
	Syntax error on token ".", @ expected
	productId cannot be resolved to a type
	Syntax error, insert "[ ]" to complete Dimensions
	Syntax error on token "}", delete this token

	at kh.gov.treasury.product.ProductDao.<init>(ProductDao.java:146) ~[main/:na]
	at java.base/jdk.internal.reflect.DirectConstructorHandleAccessor.newInstance(DirectConstructorHandleAccessor.java:62) ~[na:na]
	at java.base/java.lang.reflect.Constructor.newInstanceWithCaller(Constructor.java:502) ~[na:na]
	at java.base/java.lang.reflect.Constructor.newInstance(Constructor.java:486) ~[na:na]
	at org.springframework.beans.BeanUtils.instantiateClass(BeanUtils.java:196) ~[spring-beans-6.2.0.jar:6.2.0]
	... 50 common frames omitted
 2024-12-08 19:24:24] INFO  [asset-management-system,,] AssetManagementSystemApplication - Starting AssetManagementSystemApplication using Java 21.0.4 with PID 3916 (D:\gdnt-projects\workspaces\asset-management-system\bin\main started by SOKHOM in D:\gdnt-projects\workspaces\asset-management-system)
 2024-12-08 19:24:24] INFO  [asset-management-system,,] AssetManagementSystemApplication - No active profile set, falling back to 1 default profile: "default"
 2024-12-08 19:24:24] INFO  [asset-management-system,,] .RepositoryConfigurationDelegate - Bootstrapping Spring Data JDBC repositories in DEFAULT mode.
 2024-12-08 19:24:24] INFO  [asset-management-system,,] .RepositoryConfigurationDelegate - Finished Spring Data repository scanning in 2 ms. Found 0 JDBC repository interfaces.
 2024-12-08 19:24:24] INFO  [asset-management-system,,] m.zaxxer.hikari.HikariDataSource - HikariPool-38 - Starting...
 2024-12-08 19:24:24] INFO  [asset-management-system,,] om.zaxxer.hikari.pool.HikariPool - HikariPool-38 - Added connection com.mysql.cj.jdbc.ConnectionImpl@37d234e7
 2024-12-08 19:24:24] INFO  [asset-management-system,,] m.zaxxer.hikari.HikariDataSource - HikariPool-38 - Start completed.
 2024-12-08 19:24:24] INFO  [asset-management-system,,] o.s.b.w.e.tomcat.TomcatWebServer - Tomcat initialized with port 8080 (http)
 2024-12-08 19:24:24] INFO  [asset-management-system,,] .a.catalina.core.StandardService - Starting service [Tomcat]
 2024-12-08 19:24:24] INFO  [asset-management-system,,] o.a.catalina.core.StandardEngine - Starting Servlet engine: [Apache Tomcat/10.1.33]
 2024-12-08 19:24:24] INFO  [asset-management-system,,] c.c.C.[Tomcat-2].[localhost].[/] - Initializing Spring embedded WebApplicationContext
 2024-12-08 19:24:24] INFO  [asset-management-system,,] rvletWebServerApplicationContext - Root WebApplicationContext: initialization completed in 326 ms
 2024-12-08 19:24:24] INFO  [asset-management-system,,] icationProviderManagerConfigurer - Global AuthenticationManager configured with AuthenticationProvider bean with name authenticationProvider
 2024-12-08 19:24:24] WARN  [asset-management-system,,] lizeUserDetailsManagerConfigurer - Global AuthenticationManager configured with an AuthenticationProvider bean. UserDetailsService beans will not be used by Spring Security for automatically configuring username/password login. Consider removing the AuthenticationProvider bean. Alternatively, consider using the UserDetailsService in a manually instantiated DaoAuthenticationProvider. If the current configuration is intentional, to turn off this warning, increase the logging level of 'org.springframework.security.config.annotation.authentication.configuration.InitializeUserDetailsBeanManagerConfigurer' to ERROR
 2024-12-08 19:24:25] INFO  [asset-management-system,,] s.b.d.a.OptionalLiveReloadServer - LiveReload server is running on port 35729
 2024-12-08 19:24:25] INFO  [asset-management-system,,] o.s.b.w.e.tomcat.TomcatWebServer - Tomcat started on port 8080 (http) with context path '/'
 2024-12-08 19:24:25] INFO  [asset-management-system,,] AssetManagementSystemApplication - Started AssetManagementSystemApplication in 0.601 seconds (process running for 30189.982)
 2024-12-08 19:24:25] INFO  [asset-management-system,,] onEvaluationDeltaLoggingListener - Condition evaluation unchanged
 2024-12-08 19:24:36] INFO  [asset-management-system,,] ssPathChangeChangedEventListener - Restarting due to 1 class path change (0 additions, 0 deletions, 1 modification)
 2024-12-08 19:24:36] INFO  [asset-management-system,,] .s.b.w.e.tomcat.GracefulShutdown - Commencing graceful shutdown. Waiting for active requests to complete
 2024-12-08 19:24:36] INFO  [asset-management-system,,] .s.b.w.e.tomcat.GracefulShutdown - Graceful shutdown complete
 2024-12-08 19:24:36] INFO  [asset-management-system,,] m.zaxxer.hikari.HikariDataSource - HikariPool-38 - Shutdown initiated...
 2024-12-08 19:24:36] INFO  [asset-management-system,,] m.zaxxer.hikari.HikariDataSource - HikariPool-38 - Shutdown completed.
 2024-12-08 19:24:37] INFO  [asset-management-system,,] AssetManagementSystemApplication - Starting AssetManagementSystemApplication using Java 21.0.4 with PID 3916 (D:\gdnt-projects\workspaces\asset-management-system\bin\main started by SOKHOM in D:\gdnt-projects\workspaces\asset-management-system)
 2024-12-08 19:24:37] INFO  [asset-management-system,,] AssetManagementSystemApplication - No active profile set, falling back to 1 default profile: "default"
 2024-12-08 19:24:37] INFO  [asset-management-system,,] .RepositoryConfigurationDelegate - Bootstrapping Spring Data JDBC repositories in DEFAULT mode.
 2024-12-08 19:24:37] INFO  [asset-management-system,,] .RepositoryConfigurationDelegate - Finished Spring Data repository scanning in 2 ms. Found 0 JDBC repository interfaces.
 2024-12-08 19:24:37] INFO  [asset-management-system,,] m.zaxxer.hikari.HikariDataSource - HikariPool-39 - Starting...
 2024-12-08 19:24:37] INFO  [asset-management-system,,] om.zaxxer.hikari.pool.HikariPool - HikariPool-39 - Added connection com.mysql.cj.jdbc.ConnectionImpl@2ba01e8d
 2024-12-08 19:24:37] INFO  [asset-management-system,,] m.zaxxer.hikari.HikariDataSource - HikariPool-39 - Start completed.
 2024-12-08 19:24:37] INFO  [asset-management-system,,] o.s.b.w.e.tomcat.TomcatWebServer - Tomcat initialized with port 8080 (http)
 2024-12-08 19:24:37] INFO  [asset-management-system,,] .a.catalina.core.StandardService - Starting service [Tomcat]
 2024-12-08 19:24:37] INFO  [asset-management-system,,] o.a.catalina.core.StandardEngine - Starting Servlet engine: [Apache Tomcat/10.1.33]
 2024-12-08 19:24:37] INFO  [asset-management-system,,] c.c.C.[Tomcat-2].[localhost].[/] - Initializing Spring embedded WebApplicationContext
 2024-12-08 19:24:37] INFO  [asset-management-system,,] rvletWebServerApplicationContext - Root WebApplicationContext: initialization completed in 377 ms
 2024-12-08 19:24:37] INFO  [asset-management-system,,] icationProviderManagerConfigurer - Global AuthenticationManager configured with AuthenticationProvider bean with name authenticationProvider
 2024-12-08 19:24:37] WARN  [asset-management-system,,] lizeUserDetailsManagerConfigurer - Global AuthenticationManager configured with an AuthenticationProvider bean. UserDetailsService beans will not be used by Spring Security for automatically configuring username/password login. Consider removing the AuthenticationProvider bean. Alternatively, consider using the UserDetailsService in a manually instantiated DaoAuthenticationProvider. If the current configuration is intentional, to turn off this warning, increase the logging level of 'org.springframework.security.config.annotation.authentication.configuration.InitializeUserDetailsBeanManagerConfigurer' to ERROR
 2024-12-08 19:24:37] INFO  [asset-management-system,,] s.b.d.a.OptionalLiveReloadServer - LiveReload server is running on port 35729
 2024-12-08 19:24:37] INFO  [asset-management-system,,] o.s.b.w.e.tomcat.TomcatWebServer - Tomcat started on port 8080 (http) with context path '/'
 2024-12-08 19:24:37] INFO  [asset-management-system,,] AssetManagementSystemApplication - Started AssetManagementSystemApplication in 0.684 seconds (process running for 30202.601)
 2024-12-08 19:24:37] INFO  [asset-management-system,,] onEvaluationDeltaLoggingListener - Condition evaluation unchanged
 2024-12-08 19:24:46] INFO  [asset-management-system,,] ssPathChangeChangedEventListener - Restarting due to 1 class path change (0 additions, 0 deletions, 1 modification)
 2024-12-08 19:24:46] INFO  [asset-management-system,,] .s.b.w.e.tomcat.GracefulShutdown - Commencing graceful shutdown. Waiting for active requests to complete
 2024-12-08 19:24:46] INFO  [asset-management-system,,] .s.b.w.e.tomcat.GracefulShutdown - Graceful shutdown complete
 2024-12-08 19:24:46] INFO  [asset-management-system,,] m.zaxxer.hikari.HikariDataSource - HikariPool-39 - Shutdown initiated...
 2024-12-08 19:24:46] INFO  [asset-management-system,,] m.zaxxer.hikari.HikariDataSource - HikariPool-39 - Shutdown completed.
 2024-12-08 19:24:46] INFO  [asset-management-system,,] AssetManagementSystemApplication - Starting AssetManagementSystemApplication using Java 21.0.4 with PID 3916 (D:\gdnt-projects\workspaces\asset-management-system\bin\main started by SOKHOM in D:\gdnt-projects\workspaces\asset-management-system)
 2024-12-08 19:24:46] INFO  [asset-management-system,,] AssetManagementSystemApplication - No active profile set, falling back to 1 default profile: "default"
 2024-12-08 19:24:46] INFO  [asset-management-system,,] .RepositoryConfigurationDelegate - Bootstrapping Spring Data JDBC repositories in DEFAULT mode.
 2024-12-08 19:24:46] INFO  [asset-management-system,,] .RepositoryConfigurationDelegate - Finished Spring Data repository scanning in 2 ms. Found 0 JDBC repository interfaces.
 2024-12-08 19:24:46] INFO  [asset-management-system,,] m.zaxxer.hikari.HikariDataSource - HikariPool-40 - Starting...
 2024-12-08 19:24:46] INFO  [asset-management-system,,] om.zaxxer.hikari.pool.HikariPool - HikariPool-40 - Added connection com.mysql.cj.jdbc.ConnectionImpl@3a613e6a
 2024-12-08 19:24:46] INFO  [asset-management-system,,] m.zaxxer.hikari.HikariDataSource - HikariPool-40 - Start completed.
 2024-12-08 19:24:46] INFO  [asset-management-system,,] o.s.b.w.e.tomcat.TomcatWebServer - Tomcat initialized with port 8080 (http)
 2024-12-08 19:24:46] INFO  [asset-management-system,,] .a.catalina.core.StandardService - Starting service [Tomcat]
 2024-12-08 19:24:46] INFO  [asset-management-system,,] o.a.catalina.core.StandardEngine - Starting Servlet engine: [Apache Tomcat/10.1.33]
 2024-12-08 19:24:47] INFO  [asset-management-system,,] c.c.C.[Tomcat-2].[localhost].[/] - Initializing Spring embedded WebApplicationContext
 2024-12-08 19:24:47] INFO  [asset-management-system,,] rvletWebServerApplicationContext - Root WebApplicationContext: initialization completed in 323 ms
 2024-12-08 19:24:47] INFO  [asset-management-system,,] icationProviderManagerConfigurer - Global AuthenticationManager configured with AuthenticationProvider bean with name authenticationProvider
 2024-12-08 19:24:47] WARN  [asset-management-system,,] lizeUserDetailsManagerConfigurer - Global AuthenticationManager configured with an AuthenticationProvider bean. UserDetailsService beans will not be used by Spring Security for automatically configuring username/password login. Consider removing the AuthenticationProvider bean. Alternatively, consider using the UserDetailsService in a manually instantiated DaoAuthenticationProvider. If the current configuration is intentional, to turn off this warning, increase the logging level of 'org.springframework.security.config.annotation.authentication.configuration.InitializeUserDetailsBeanManagerConfigurer' to ERROR
 2024-12-08 19:24:47] INFO  [asset-management-system,,] s.b.d.a.OptionalLiveReloadServer - LiveReload server is running on port 35729
 2024-12-08 19:24:47] INFO  [asset-management-system,,] o.s.b.w.e.tomcat.TomcatWebServer - Tomcat started on port 8080 (http) with context path '/'
 2024-12-08 19:24:47] INFO  [asset-management-system,,] AssetManagementSystemApplication - Started AssetManagementSystemApplication in 0.771 seconds (process running for 30212.302)
 2024-12-08 19:24:47] INFO  [asset-management-system,,] onEvaluationDeltaLoggingListener - Condition evaluation unchanged
 2024-12-08 19:24:52] INFO  [asset-management-system,,] c.c.C.[Tomcat-2].[localhost].[/] - Initializing Spring DispatcherServlet 'dispatcherServlet'
 2024-12-08 19:24:52] INFO  [asset-management-system,,] .s.web.servlet.DispatcherServlet - Initializing Servlet 'dispatcherServlet'
 2024-12-08 19:24:52] INFO  [asset-management-system,,] .s.web.servlet.DispatcherServlet - Completed initialization in 3 ms
 2024-12-08 19:24:54] INFO  [asset-management-system,,] .t.config.HttpUserDetailsService - HttpUserDetails[request=HttpUserDetailsRequest(username=sokhomngor@gmail.com, password=$2y$10$418hRKhPLSQU4QYkNYN8M.7jFaRHXuRgV/ZemoVuz/xSVhPu4QHoS, name=null, photo=null, roles=[Officials, Admin], permissions=[manufacturer-create, allSerial, maintenance-edit, report-by-department-list, serialUsing, product-list, manufacturer-edit, maintenance-create, position-list, manufacturer-list, pivotCategorySourceDetailUsing, maintenance-list, ref, ministry-list, pivotCategorySource, product-category-list, office-list, user-list, product-edit, user-create, warehouse-list, ministry-create, source-list, supply-delete, position-delete, product-category-edit, ministry-edit, source-create, role-delete, supply-edit, ministry-delete, assign-serial-create, office-create, product-create, general-department-create, supply-list, serialReturn, department-create, user-edit, warehouse-edit, people-create, role-edit, people-list, department-list, user-delete, privacy, warehouse-delete, serialFree, pivotCategorySourceDetail, position-create, source-edit, people-edit, printAssignSerial, source-delete, role-list, product-category-delete, maintenance-delete, maintenanceDone, office-delete, manufacturer-delete, department-edit, pivotCategorySourceDetailRef, people-delete, office-edit, report-by-people-department-list, assign-serial-list, product-delete, general-department-delete, product-category-create, general-department-list, department-delete, position-edit, role-create, allProduct, warehouse-create, general-department-edit, assign-serial-delete, assign-serial-edit, maintenance, supply-create, pivotCategorySourceDetailFree])]
 2024-12-08 19:24:59] WARN  [asset-management-system,,] .DefaultHandlerExceptionResolver - Resolved [org.springframework.web.HttpMediaTypeNotSupportedException: Content-Type 'text/plain;charset=UTF-8' is not supported]
 2024-12-08 19:26:39] INFO  [asset-management-system,,] k.g.t.product.ProductController  - (udpateUserSetting) - ResultObject[isSuccessful=true, code=200, message=Successfule, timestamp=2024-12-08T19:26:39.162410600, payload=[ProductSerials[serialId=126, productId=4, serialCode=CPU: SGH809R5F9 Monitor: 6CM8011KTV, assetCode=PFM-GDNT-E-DPT/425, stock=, usedBy=null, status=null, color={"color":"\u1781\u17d2\u1798\u17c5"}, label=null, note=null], ProductSerials[serialId=127, productId=4, serialCode=CPU: SGH809R5F7 Monitor: 6CM8011KTS, assetCode=PFM-GDNT-E-DPT/426, stock=, usedBy=null, status=null, color={"color":"\u1781\u17d2\u1798\u17c5"}, label=null, note=null], ProductSerials[serialId=128, productId=4, serialCode=CPU: SGH809R5G3 Monitor: 6CM8011KVP, assetCode=PFM-GDNT-E-DPT/427, stock=, usedBy=null, status=null, color={"color":"\u1781\u17d2\u1798\u17c5"}, label=null, note=    () 012 982 258], ProductSerials[serialId=129, productId=4, serialCode=CPU: SGH809R5G8 Monitor: 6CM8011L1Q, assetCode=PFM-GDNT-E-DPT/428, stock=, usedBy=null, status=null, color={"color":"\u1781\u17d2\u1798\u17c5"}, label=null, note=    011 686 616], ProductSerials[serialId=130, productId=4, serialCode=CPU: SGH809R5GC Monitor: 6CM8011L10, assetCode=PFM-GDNT-E-DPT/429, stock=, usedBy=null, status=null, color={"color":"\u1781\u17d2\u1798\u17c5"}, label=null, note=   016 509 832], ProductSerials[serialId=131, productId=4, serialCode=CPU: SGH809R5FC Monitor: 6CM8011L0G, assetCode=PFM-GDNT-E-DPT/430, stock=, usedBy=null, status=null, color={"color":"\u1781\u17d2\u1798\u17c5"}, label=null, note=    012 299 988], ProductSerials[serialId=132, productId=4, serialCode=CPU: SGH809R5GB Monitor: 6CM8011KVS, assetCode=PFM-GDNT-E-DPT/431, stock=, usedBy=null, status=null, color={"color":"\u1781\u17d2\u1798\u17c5"}, label=null, note=null], ProductSerials[serialId=133, productId=4, serialCode=CPU: SGH809R5DS Monitor: 6CM8011KTZ, assetCode=PFM-GDNT-E-DPT/432, stock=, usedBy=null, status=null, color={"color":"\u1781\u17d2\u1798\u17c5"}, label=null, note=null], ProductSerials[serialId=134, productId=4, serialCode=CPU: SGH809R5CD Monitor: 6CM8011L0W, assetCode=PFM-GDNT-E-DPT/433, stock=, usedBy=null, status=null, color={"color":"\u1781\u17d2\u1798\u17c5"}, label=null, note=Monitor   Screen ], ProductSerials[serialId=135, productId=4, serialCode=CPU: SGH809R5DH Monitor: 6CM8011LCD, assetCode=PFM-GDNT-E-DPT/434, stock=, usedBy=null, status=null, color={"color":"\u1781\u17d2\u1798\u17c5"}, label=null, note=null], ProductSerials[serialId=136, productId=4, serialCode=CPU: SGH809R5DM Monitor: 6CM8011KTX, assetCode=PFM-GDNT-E-DPT/435, stock=, usedBy=null, status=null, color={"color":"\u1781\u17d2\u1798\u17c5"}, label=null, note=null], ProductSerials[serialId=137, productId=4, serialCode=CPU: SGH809R5D9 Monitor: 6CM8011L0K, assetCode=PFM-GDNT-E-DPT/436, stock=, usedBy=null, status=null, color={"color":"\u1781\u17d2\u1798\u17c5"}, label=null, note=null], ProductSerials[serialId=137, productId=4, serialCode=CPU: SGH809R5D9 Monitor: 6CM8011L0K, assetCode=PFM-GDNT-E-DPT/436, stock=, usedBy=null, status=null, color={"color":"\u1781\u17d2\u1798\u17c5"}, label=null, note=null], ProductSerials[serialId=138, productId=4, serialCode=CPU: SGH809R5DJ Monitor: 6CM8011L18, assetCode=PFM-GDNT-E-DPT/437, stock=, usedBy=null, status=null, color={"color":"\u1781\u17d2\u1798\u17c5"}, label=null, note=    012 251 625], ProductSerials[serialId=139, productId=4, serialCode=CPU: SGH809R5D7 Monitor: 6CM8011L0Z, assetCode=PFM-GDNT-E-DPT/438, stock=, usedBy=null, status=null, color={"color":"\u1781\u17d2\u1798\u17c5"}, label=null, note=   097 688 5957], ProductSerials[serialId=140, productId=4, serialCode=CPU: SGH809R5SZ Monitor: 6CM8011L0V, assetCode=PFM-GDNT-E-DPT/439, stock=, usedBy=null, status=null, color={"color":"\u1781\u17d2\u1798\u17c5"}, label=null, note=null], ProductSerials[serialId=141, productId=4, serialCode=CPU: SGH809R5G2 Monitor: 6CM8011LFH, assetCode=PFM-GDNT-E-DPT/440, stock=, usedBy=null, status=null, color={"color":"\u1781\u17d2\u1798\u17c5"}, label=null, note=  Dell PC ], ProductSerials[serialId=142, productId=4, serialCode=CPU: SGH809R5G4 Monitor: 6CM8011LFN, assetCode=PFM-GDNT-E-DPT/441, stock=, usedBy=null, status=null, color={"color":"\u1781\u17d2\u1798\u17c5"}, label=null, note=null], ProductSerials[serialId=143, productId=4, serialCode=CPU: SGH809R5FG Monitor: 6CM8011L9H, assetCode=PFM-GDNT-E-DPT/442, stock=, usedBy=null, status=null, color={"color":"\u1781\u17d2\u1798\u17c5"}, label=null, note=null], ProductSerials[serialId=144, productId=4, serialCode=CPU: SGH809R5GD Monitor: 6CM8011KXM, assetCode=PFM-GDNT-E-DPT/443, stock=, usedBy=null, status=null, color={"color":"\u1781\u17d2\u1798\u17c5"}, label=null, note=null], ProductSerials[serialId=145, productId=4, serialCode=CPU: SGH809R5BY Monitor: 6CM8011L11, assetCode=PFM-GDNT-E-DPT/444, stock=, usedBy=null, status=null, color={"color":"\u1781\u17d2\u1798\u17c5"}, label=null, note=null], ProductSerials[serialId=146, productId=4, serialCode=CPU: SGH809R5BZ Monitor: 6CM8011L0D, assetCode=PFM-GDNT-E-DPT/445, stock=, usedBy=null, status=null, color={"color":"\u1781\u17d2\u1798\u17c5"}, label=null, note=null], ProductSerials[serialId=147, productId=4, serialCode=CPU: SGH809R5CO Monitor: 6CM8011KTW, assetCode=PFM-GDNT-E-DPT/446, stock=, usedBy=null, status=null, color={"color":"\u1781\u17d2\u1798\u17c5"}, label=null, note=    () 012 796 702], ProductSerials[serialId=148, productId=4, serialCode=CPU: SGH809R5FD Monitor: 6CM8011L6X, assetCode=PFM-GDNT-E-DPT/447, stock=, usedBy=null, status=null, color={"color":"\u1781\u17d2\u1798\u17c5"}, label=null, note=null], ProductSerials[serialId=149, productId=4, serialCode=CPU: SGH809R5DR Monitor: 6CM8011L0C, assetCode=PFM-GDNT-E-DPT/448, stock=, usedBy=null, status=null, color={"color":"\u1781\u17d2\u1798\u17c5"}, label=null, note=null], ProductSerials[serialId=150, productId=4, serialCode=CPU: SGH809R5G5 Monitor: 6CM8011L9G, assetCode=PFM-GDNT-E-DPT/449, stock=, usedBy=null, status=null, color={"color":"\u1781\u17d2\u1798\u17c5"}, label=null, note=null]]]
 2024-12-08 19:37:34] INFO  [asset-management-system,,] k.g.t.product.ProductController  - (udpateUserSetting) - ResultObject[isSuccessful=true, code=200, message=Successfule, timestamp=2024-12-08T19:37:34.313213900, payload=[ProductSerials[serialId=971, productId=74, serialCode=CN-0CDX4R-QDC00-98M-0F0L-A10, assetCode=, stock=, usedBy= , status=null, color={"color":"\u1794\u17d2\u179a\u1797\u17c1\u17c7","size":"27Inch","note":"\u1794\u1784\u179c\u17b7\u179f\u17b6\u179b\u1791\u17b7\u1789\u17b1\u17d2\u1799\u1798\u17c1\u1792\u17c6\u1794\u17d2\u179a\u17be\u1794\u17d2\u179a\u17b6\u179f\u17cb\u1793\u17c5\u179a\u178f\u1793\u17b6\u1782\u17b6\u179a\u1787\u17b6\u178f\u17b7"}, label=null, note=null]]]
 2024-12-08 19:38:02] INFO  [asset-management-system,,] k.g.t.product.ProductController  - (udpateUserSetting) - ResultObject[isSuccessful=true, code=200, message=Successfule, timestamp=2024-12-08T19:38:02.584219700, payload=[ProductSerials[serialId=1264, productId=97, serialCode=1, assetCode=1, stock=, usedBy=null, status=null, color=null, label=null, note=  .     ], ProductSerials[serialId=1264, productId=97, serialCode=1, assetCode=1, stock=, usedBy=null, status=null, color=null, label=null, note=null], ProductSerials[serialId=1328, productId=97, serialCode=2, assetCode=2, stock=, usedBy=null, status=null, color=null, label=null, note=  TV,TV,Webcam, Keyboard], ProductSerials[serialId=1329, productId=97, serialCode=3, assetCode=3, stock=, usedBy=null, status=null, color=null, label=null, note=null], ProductSerials[serialId=1330, productId=97, serialCode=4, assetCode=4, stock=, usedBy=null, status=null, color=null, label=null, note=null], ProductSerials[serialId=1331, productId=97, serialCode=5, assetCode=5, stock=, usedBy=null, status=null, color=null, label=null, note=null], ProductSerials[serialId=1352, productId=97, serialCode=6, assetCode=6, stock=, usedBy=null, status=null, color={"size":"\u179b\u17c1\u1781\u179a\u17c0\u178417","color":"\u1781\u17d2\u1798\u17c5","note":"\u179b\u17c1\u1781\u179a\u17c0\u178417\u1799\u1780\u178f\u17b6\u1798\u179b\u17c1\u1781 \u17af\u1780\u179f\u17b6\u179a Label \u1794\u1784\u17cb\u179b\u17be\u1780\u17c1\u179f Serial PDF"}, label=null, note=17], ProductSerials[serialId=1353, productId=97, serialCode=7, assetCode=7, stock=, usedBy=null, status=null, color=null, label=null, note= SN SN], ProductSerials[serialId=1354, productId=97, serialCode=8, assetCode=8, stock=, usedBy=null, status=null, color=null, label=null, note= SN SN], ProductSerials[serialId=1390, productId=97, serialCode=9, assetCode=9, stock=, usedBy=null, status=null, color=null, label=null, note=    ], ProductSerials[serialId=1391, productId=97, serialCode=10, assetCode=10, stock=, usedBy=null, status=null, color=null, label=null, note=   ], ProductSerials[serialId=1392, productId=97, serialCode=11, assetCode=11, stock=, usedBy=null, status=null, color={"color":"\u1781\u17d2\u1798\u17c5"}, label=null, note=   ], ProductSerials[serialId=1393, productId=97, serialCode=12, assetCode=12, stock=, usedBy=null, status=null, color={"color":"\u1781\u17d2\u1798\u17c5"}, label=null, note=   ], ProductSerials[serialId=1396, productId=97, serialCode=13, assetCode=13, stock=, usedBy=null, status=null, color=null, label=null, note=  ], ProductSerials[serialId=1397, productId=97, serialCode=14, assetCode=14, stock=, usedBy=null, status=null, color=null, label=null, note=     Microphone], ProductSerials[serialId=1398, productId=97, serialCode=15, assetCode=15, stock=, usedBy=null, status=null, color=null, label=null, note=   ], ProductSerials[serialId=1399, productId=97, serialCode=16, assetCode=16, stock=, usedBy=null, status=null, color=null, label=null, note=  ], ProductSerials[serialId=1400, productId=97, serialCode=17, assetCode=17, stock=, usedBy=null, status=null, color=null, label=null, note=  ], ProductSerials[serialId=1401, productId=97, serialCode=18, assetCode=18, stock=, usedBy=null, status=null, color=null, label=null, note=   ( ) ], ProductSerials[serialId=1402, productId=97, serialCode=19, assetCode=19, stock=, usedBy=null, status=null, color=null, label=null, note=    Microphone], ProductSerials[serialId=1403, productId=97, serialCode=20, assetCode=20, stock=, usedBy=null, status=null, color=null, label=null, note=   ], ProductSerials[serialId=1404, productId=97, serialCode=21, assetCode=21, stock=, usedBy=null, status=null, color=null, label=null, note=   ], ProductSerials[serialId=1405, productId=97, serialCode=22, assetCode=22, stock=, usedBy=null, status=null, color=null, label=null, note=   (  Microphone)], ProductSerials[serialId=1406, productId=97, serialCode=23, assetCode=23, stock=, usedBy=null, status=null, color=null, label=null, note=    ( Microphone)], ProductSerials[serialId=1407, productId=97, serialCode=24, assetCode=24, stock=, usedBy=null, status=null, color=null, label=null, note=], ProductSerials[serialId=1408, productId=97, serialCode=25, assetCode=25, stock=, usedBy=null, status=null, color=null, label=null, note=    Microphone Laptop Acer Aspire]]]
 2024-12-08 19:38:09] INFO  [asset-management-system,,] k.g.t.product.ProductController  - (udpateUserSetting) - ResultObject[isSuccessful=true, code=200, message=Successfule, timestamp=2024-12-08T19:38:09.523448, payload=[ProductSerials[serialId=1264, productId=97, serialCode=1, assetCode=1, stock=, usedBy=null, status=null, color=null, label=null, note=  .     ], ProductSerials[serialId=1264, productId=97, serialCode=1, assetCode=1, stock=, usedBy=null, status=null, color=null, label=null, note=null], ProductSerials[serialId=1328, productId=97, serialCode=2, assetCode=2, stock=, usedBy=null, status=null, color=null, label=null, note=  TV,TV,Webcam, Keyboard], ProductSerials[serialId=1329, productId=97, serialCode=3, assetCode=3, stock=, usedBy=null, status=null, color=null, label=null, note=null], ProductSerials[serialId=1330, productId=97, serialCode=4, assetCode=4, stock=, usedBy=null, status=null, color=null, label=null, note=null], ProductSerials[serialId=1331, productId=97, serialCode=5, assetCode=5, stock=, usedBy=null, status=null, color=null, label=null, note=null], ProductSerials[serialId=1352, productId=97, serialCode=6, assetCode=6, stock=, usedBy=null, status=null, color={"size":"\u179b\u17c1\u1781\u179a\u17c0\u178417","color":"\u1781\u17d2\u1798\u17c5","note":"\u179b\u17c1\u1781\u179a\u17c0\u178417\u1799\u1780\u178f\u17b6\u1798\u179b\u17c1\u1781 \u17af\u1780\u179f\u17b6\u179a Label \u1794\u1784\u17cb\u179b\u17be\u1780\u17c1\u179f Serial PDF"}, label=null, note=17], ProductSerials[serialId=1353, productId=97, serialCode=7, assetCode=7, stock=, usedBy=null, status=null, color=null, label=null, note= SN SN], ProductSerials[serialId=1354, productId=97, serialCode=8, assetCode=8, stock=, usedBy=null, status=null, color=null, label=null, note= SN SN], ProductSerials[serialId=1390, productId=97, serialCode=9, assetCode=9, stock=, usedBy=null, status=null, color=null, label=null, note=    ], ProductSerials[serialId=1391, productId=97, serialCode=10, assetCode=10, stock=, usedBy=null, status=null, color=null, label=null, note=   ], ProductSerials[serialId=1392, productId=97, serialCode=11, assetCode=11, stock=, usedBy=null, status=null, color={"color":"\u1781\u17d2\u1798\u17c5"}, label=null, note=   ], ProductSerials[serialId=1393, productId=97, serialCode=12, assetCode=12, stock=, usedBy=null, status=null, color={"color":"\u1781\u17d2\u1798\u17c5"}, label=null, note=   ], ProductSerials[serialId=1396, productId=97, serialCode=13, assetCode=13, stock=, usedBy=null, status=null, color=null, label=null, note=  ], ProductSerials[serialId=1397, productId=97, serialCode=14, assetCode=14, stock=, usedBy=null, status=null, color=null, label=null, note=     Microphone], ProductSerials[serialId=1398, productId=97, serialCode=15, assetCode=15, stock=, usedBy=null, status=null, color=null, label=null, note=   ], ProductSerials[serialId=1399, productId=97, serialCode=16, assetCode=16, stock=, usedBy=null, status=null, color=null, label=null, note=  ], ProductSerials[serialId=1400, productId=97, serialCode=17, assetCode=17, stock=, usedBy=null, status=null, color=null, label=null, note=  ], ProductSerials[serialId=1401, productId=97, serialCode=18, assetCode=18, stock=, usedBy=null, status=null, color=null, label=null, note=   ( ) ], ProductSerials[serialId=1402, productId=97, serialCode=19, assetCode=19, stock=, usedBy=null, status=null, color=null, label=null, note=    Microphone], ProductSerials[serialId=1403, productId=97, serialCode=20, assetCode=20, stock=, usedBy=null, status=null, color=null, label=null, note=   ], ProductSerials[serialId=1404, productId=97, serialCode=21, assetCode=21, stock=, usedBy=null, status=null, color=null, label=null, note=   ], ProductSerials[serialId=1405, productId=97, serialCode=22, assetCode=22, stock=, usedBy=null, status=null, color=null, label=null, note=   (  Microphone)], ProductSerials[serialId=1406, productId=97, serialCode=23, assetCode=23, stock=, usedBy=null, status=null, color=null, label=null, note=    ( Microphone)], ProductSerials[serialId=1407, productId=97, serialCode=24, assetCode=24, stock=, usedBy=null, status=null, color=null, label=null, note=], ProductSerials[serialId=1408, productId=97, serialCode=25, assetCode=25, stock=, usedBy=null, status=null, color=null, label=null, note=    Microphone Laptop Acer Aspire]]]
 2024-12-08 19:39:45] INFO  [asset-management-system,,] k.g.t.product.ProductController  - (udpateUserSetting) - ResultObject[isSuccessful=true, code=200, message=Successfule, timestamp=2024-12-08T19:39:45.563079800, payload=[]]
 2024-12-08 19:39:52] INFO  [asset-management-system,,] k.g.t.product.ProductController  - (udpateUserSetting) - ResultObject[isSuccessful=true, code=200, message=Successfule, timestamp=2024-12-08T19:39:52.288240500, payload=[ProductSerials[serialId=914, productId=60, serialCode=FBWRNS2, assetCode=PFM-GDNT-E-Monitor/1048, stock=, usedBy=null, status=null, color={"color":"\u1781\u17d2\u1798\u17c5","note":"","size":"\u1794\u17b7\u1791 Label \u179a\u17bd\u1785\u179a\u17b6\u179b\u17cb"}, label=null, note=null], ProductSerials[serialId=915, productId=60, serialCode=89WRNS2, assetCode=PFM-GDNT-E-Monitor/1049, stock=, usedBy=null, status=null, color={"color":"\u1781\u17d2\u1798\u17c5"}, label=null, note=null], ProductSerials[serialId=915, productId=60, serialCode=89WRNS2, assetCode=PFM-GDNT-E-Monitor/1049, stock=, usedBy=null, status=null, color={"color":"\u1781\u17d2\u1798\u17c5"}, label=null, note=null], ProductSerials[serialId=916, productId=60, serialCode=CN-N15DP-WS200-96L-A9SU-A04 ((Tag: HCWRNS2)), assetCode=PFM-GDNT-E-Monitor/1050, stock=, usedBy=null, status=null, color={"color":"\u1781\u17d2\u1798\u17c5","note":"","size":"\u1794\u17b7\u1791 Label \u179a\u17bd\u1785\u179a\u17b6\u179b\u17cb"}, label=null, note=null], ProductSerials[serialId=916, productId=60, serialCode=CN-N15DP-WS200-96L-A9SU-A04 ((Tag: HCWRNS2)), assetCode=PFM-GDNT-E-Monitor/1050, stock=, usedBy=null, status=null, color={"color":"\u1781\u17d2\u1798\u17c5","note":"","size":"\u1794\u17b7\u1791 Label \u179a\u17bd\u1785\u179a\u17b6\u179b\u17cb"}, label=null, note=null], ProductSerials[serialId=917, productId=60, serialCode=CN-0N15DP-WS200-96L-A99U-A04 (Tag: GBWRNS2), assetCode=PFM-GDNT-E-Monitor/1051, stock=, usedBy=null, status=null, color={"color":"\u1781\u17d2\u1798\u17c5","note":"","size":"\u1794\u17b7\u1791 Label \u179a\u17bd\u1785\u179a\u17b6\u179b\u17cb"}, label=null, note=null], ProductSerials[serialId=917, productId=60, serialCode=CN-0N15DP-WS200-96L-A99U-A04 (Tag: GBWRNS2), assetCode=PFM-GDNT-E-Monitor/1051, stock=, usedBy=null, status=null, color={"color":"\u1781\u17d2\u1798\u17c5","note":"","size":"\u1794\u17b7\u1791 Label \u179a\u17bd\u1785\u179a\u17b6\u179b\u17cb"}, label=null, note=null], ProductSerials[serialId=918, productId=60, serialCode=B6VRNS2, assetCode=PFM-GDNT-E-Monitor/1052, stock=, usedBy=null, status=null, color={"color":"\u1781\u17d2\u1798\u17c5","size":"\u1794\u17b7\u1791 Label \u179a\u17bd\u1785\u179a\u17b6\u179b\u17cb","note":""}, label=null, note=], ProductSerials[serialId=919, productId=60, serialCode=27VRNS2, assetCode=PFM-GDNT-E-Monitor/1053, stock=, usedBy=null, status=null, color={"color":"\u1781\u17d2\u1798\u17c5","size":"\u1794\u17b7\u1791 Label \u179a\u17bd\u1785\u179a\u17b6\u179b\u17cb","note":""}, label=null, note=null], ProductSerials[serialId=920, productId=60, serialCode=H7VRNS2, assetCode=PFM-GDNT-E-Monitor/1054, stock=, usedBy=null, status=null, color={"color":"\u1781\u17d2\u1798\u17c5","note":"","size":"\u1794\u17b7\u1791 Label \u179a\u17bd\u1785\u179a\u17b6\u179b\u17cb"}, label=null, note=null], ProductSerials[serialId=921, productId=60, serialCode=CN-0N15DP-WS200-96L-754U-A04 (Tag: G6VRNS2), assetCode=PFM-GDNT-E-Monitor/1055, stock=, usedBy=null, status=null, color={"color":"\u1781\u17d2\u1798\u17c5","note":"","size":"\u1794\u17b7\u1791 Label \u179a\u17bd\u1785\u179a\u17b6\u179b\u17cb"}, label=null, note=null], ProductSerials[serialId=922, productId=60, serialCode=H8VRNS2, assetCode=PFM-GDNT-E-Monitor/1056, stock=, usedBy=null, status=null, color={"color":"\u1781\u17d2\u1798\u17c5","size":"\u1794\u17b7\u1791 Label \u179a\u17bd\u1785\u179a\u17b6\u179b\u17cb","note":""}, label=null, note=null], ProductSerials[serialId=922, productId=60, serialCode=H8VRNS2, assetCode=PFM-GDNT-E-Monitor/1056, stock=, usedBy=null, status=null, color={"color":"\u1781\u17d2\u1798\u17c5","size":"\u1794\u17b7\u1791 Label \u179a\u17bd\u1785\u179a\u17b6\u179b\u17cb","note":""}, label=null, note=null], ProductSerials[serialId=922, productId=60, serialCode=H8VRNS2, assetCode=PFM-GDNT-E-Monitor/1056, stock=, usedBy=null, status=null, color={"color":"\u1781\u17d2\u1798\u17c5","size":"\u1794\u17b7\u1791 Label \u179a\u17bd\u1785\u179a\u17b6\u179b\u17cb","note":""}, label=null, note=   ], ProductSerials[serialId=922, productId=60, serialCode=H8VRNS2, assetCode=PFM-GDNT-E-Monitor/1056, stock=, usedBy=null, status=null, color={"color":"\u1781\u17d2\u1798\u17c5","size":"\u1794\u17b7\u1791 Label \u179a\u17bd\u1785\u179a\u17b6\u179b\u17cb","note":""}, label=null, note=  ], ProductSerials[serialId=923, productId=60, serialCode=7BWRNS2, assetCode=PFM-GDNT-E-Monitor/1057, stock=, usedBy=null, status=null, color={"color":"\u1781\u17d2\u1798\u17c5","size":"\u1794\u17b7\u1791 Label \u179a\u17bd\u1785\u179a\u17b6\u179b\u17cb"}, label=null, note=null], ProductSerials[serialId=923, productId=60, serialCode=7BWRNS2, assetCode=PFM-GDNT-E-Monitor/1057, stock=, usedBy=null, status=null, color={"color":"\u1781\u17d2\u1798\u17c5","size":"\u1794\u17b7\u1791 Label \u179a\u17bd\u1785\u179a\u17b6\u179b\u17cb"}, label=null, note=null], ProductSerials[serialId=924, productId=60, serialCode=C8VRNS2, assetCode=PFM-GDNT-E-Monitor/1058, stock=, usedBy=null, status=null, color={"color":"\u1781\u17d2\u1798\u17c5","size":"\u1794\u17b7\u1791 Label \u179a\u17bd\u1785\u179a\u17b6\u179b\u17cb","note":""}, label=null, note= Date: 28/04/2020], ProductSerials[serialId=925, productId=60, serialCode=67VRNS2, assetCode=PFM-GDNT-E-Monitor/1059, stock=, usedBy=null, status=null, color={"color":"\u1781\u17d2\u1798\u17c5","size":"\u1794\u17b7\u1791 Label \u179a\u17bd\u1785\u179a\u17b6\u179b\u17cb","note":""}, label=null, note=null], ProductSerials[serialId=926, productId=60, serialCode=CN-0N15DP-WS200-96L-779U-A04 (Tag: 78VRNS2), assetCode=PFM-GDNT-E-Monitor/1060, stock=, usedBy=null, status=null, color={"color":"\u1781\u17d2\u1798\u17c5","note":"\u1794\u17b7\u1791 Label \u179a\u17bd\u1785\u179a\u17b6\u179b\u17cb","size":"\u1794\u17b7\u1791 Label \u179a\u17bd\u1785\u179a\u17b6\u179b\u17cb"}, label=null, note=null], ProductSerials[serialId=927, productId=60, serialCode=GDWRNS2, assetCode=PFM-GDNT-E-Monitor/1061, stock=, usedBy=null, status=null, color={"color":"\u1781\u17d2\u1798\u17c5"}, label=null, note=null], ProductSerials[serialId=927, productId=60, serialCode=GDWRNS2, assetCode=PFM-GDNT-E-Monitor/1061, stock=, usedBy=null, status=null, color={"color":"\u1781\u17d2\u1798\u17c5"}, label=null, note=      date: 27/04/2020   Monitor {( P2719H  S/N CN-ON15DP-WS200-96L-AA7U-A04)  Serviec Tage:: GDWRNS2}]]]
 2024-12-08 19:41:14] INFO  [asset-management-system,,] k.g.t.product.ProductController  - (udpateUserSetting) - ResultObject[isSuccessful=true, code=200, message=Successfule, timestamp=2024-12-08T19:41:14.226459100, payload=[]]
 2024-12-08 19:45:07] INFO  [asset-management-system,,] k.g.t.product.ProductController  - (udpateUserSetting) - ResultObject[isSuccessful=true, code=200, message=Successfule, timestamp=2024-12-08T19:45:07.971964700, payload=[ProductSerials[serialId=126, productId=4, serialCode=CPU: SGH809R5F9 Monitor: 6CM8011KTV, assetCode=PFM-GDNT-E-DPT/425, stock=, usedBy=null, status=null, color={"color":"\u1781\u17d2\u1798\u17c5"}, label=null, note=null], ProductSerials[serialId=127, productId=4, serialCode=CPU: SGH809R5F7 Monitor: 6CM8011KTS, assetCode=PFM-GDNT-E-DPT/426, stock=, usedBy=null, status=null, color={"color":"\u1781\u17d2\u1798\u17c5"}, label=null, note=null], ProductSerials[serialId=128, productId=4, serialCode=CPU: SGH809R5G3 Monitor: 6CM8011KVP, assetCode=PFM-GDNT-E-DPT/427, stock=, usedBy=null, status=null, color={"color":"\u1781\u17d2\u1798\u17c5"}, label=null, note=    () 012 982 258], ProductSerials[serialId=129, productId=4, serialCode=CPU: SGH809R5G8 Monitor: 6CM8011L1Q, assetCode=PFM-GDNT-E-DPT/428, stock=, usedBy=null, status=null, color={"color":"\u1781\u17d2\u1798\u17c5"}, label=null, note=    011 686 616], ProductSerials[serialId=130, productId=4, serialCode=CPU: SGH809R5GC Monitor: 6CM8011L10, assetCode=PFM-GDNT-E-DPT/429, stock=, usedBy=null, status=null, color={"color":"\u1781\u17d2\u1798\u17c5"}, label=null, note=   016 509 832], ProductSerials[serialId=131, productId=4, serialCode=CPU: SGH809R5FC Monitor: 6CM8011L0G, assetCode=PFM-GDNT-E-DPT/430, stock=, usedBy=null, status=null, color={"color":"\u1781\u17d2\u1798\u17c5"}, label=null, note=    012 299 988], ProductSerials[serialId=132, productId=4, serialCode=CPU: SGH809R5GB Monitor: 6CM8011KVS, assetCode=PFM-GDNT-E-DPT/431, stock=, usedBy=null, status=null, color={"color":"\u1781\u17d2\u1798\u17c5"}, label=null, note=null], ProductSerials[serialId=133, productId=4, serialCode=CPU: SGH809R5DS Monitor: 6CM8011KTZ, assetCode=PFM-GDNT-E-DPT/432, stock=, usedBy=null, status=null, color={"color":"\u1781\u17d2\u1798\u17c5"}, label=null, note=null], ProductSerials[serialId=134, productId=4, serialCode=CPU: SGH809R5CD Monitor: 6CM8011L0W, assetCode=PFM-GDNT-E-DPT/433, stock=, usedBy=null, status=null, color={"color":"\u1781\u17d2\u1798\u17c5"}, label=null, note=Monitor   Screen ], ProductSerials[serialId=135, productId=4, serialCode=CPU: SGH809R5DH Monitor: 6CM8011LCD, assetCode=PFM-GDNT-E-DPT/434, stock=, usedBy=null, status=null, color={"color":"\u1781\u17d2\u1798\u17c5"}, label=null, note=null], ProductSerials[serialId=136, productId=4, serialCode=CPU: SGH809R5DM Monitor: 6CM8011KTX, assetCode=PFM-GDNT-E-DPT/435, stock=, usedBy=null, status=null, color={"color":"\u1781\u17d2\u1798\u17c5"}, label=null, note=null], ProductSerials[serialId=137, productId=4, serialCode=CPU: SGH809R5D9 Monitor: 6CM8011L0K, assetCode=PFM-GDNT-E-DPT/436, stock=, usedBy=null, status=null, color={"color":"\u1781\u17d2\u1798\u17c5"}, label=null, note=null], ProductSerials[serialId=137, productId=4, serialCode=CPU: SGH809R5D9 Monitor: 6CM8011L0K, assetCode=PFM-GDNT-E-DPT/436, stock=, usedBy=null, status=null, color={"color":"\u1781\u17d2\u1798\u17c5"}, label=null, note=null], ProductSerials[serialId=138, productId=4, serialCode=CPU: SGH809R5DJ Monitor: 6CM8011L18, assetCode=PFM-GDNT-E-DPT/437, stock=, usedBy=null, status=null, color={"color":"\u1781\u17d2\u1798\u17c5"}, label=null, note=    012 251 625], ProductSerials[serialId=139, productId=4, serialCode=CPU: SGH809R5D7 Monitor: 6CM8011L0Z, assetCode=PFM-GDNT-E-DPT/438, stock=, usedBy=null, status=null, color={"color":"\u1781\u17d2\u1798\u17c5"}, label=null, note=   097 688 5957], ProductSerials[serialId=140, productId=4, serialCode=CPU: SGH809R5SZ Monitor: 6CM8011L0V, assetCode=PFM-GDNT-E-DPT/439, stock=, usedBy=null, status=null, color={"color":"\u1781\u17d2\u1798\u17c5"}, label=null, note=null], ProductSerials[serialId=141, productId=4, serialCode=CPU: SGH809R5G2 Monitor: 6CM8011LFH, assetCode=PFM-GDNT-E-DPT/440, stock=, usedBy=null, status=null, color={"color":"\u1781\u17d2\u1798\u17c5"}, label=null, note=  Dell PC ], ProductSerials[serialId=142, productId=4, serialCode=CPU: SGH809R5G4 Monitor: 6CM8011LFN, assetCode=PFM-GDNT-E-DPT/441, stock=, usedBy=null, status=null, color={"color":"\u1781\u17d2\u1798\u17c5"}, label=null, note=null], ProductSerials[serialId=143, productId=4, serialCode=CPU: SGH809R5FG Monitor: 6CM8011L9H, assetCode=PFM-GDNT-E-DPT/442, stock=, usedBy=null, status=null, color={"color":"\u1781\u17d2\u1798\u17c5"}, label=null, note=null], ProductSerials[serialId=144, productId=4, serialCode=CPU: SGH809R5GD Monitor: 6CM8011KXM, assetCode=PFM-GDNT-E-DPT/443, stock=, usedBy=null, status=null, color={"color":"\u1781\u17d2\u1798\u17c5"}, label=null, note=null], ProductSerials[serialId=145, productId=4, serialCode=CPU: SGH809R5BY Monitor: 6CM8011L11, assetCode=PFM-GDNT-E-DPT/444, stock=, usedBy=null, status=null, color={"color":"\u1781\u17d2\u1798\u17c5"}, label=null, note=null], ProductSerials[serialId=146, productId=4, serialCode=CPU: SGH809R5BZ Monitor: 6CM8011L0D, assetCode=PFM-GDNT-E-DPT/445, stock=, usedBy=null, status=null, color={"color":"\u1781\u17d2\u1798\u17c5"}, label=null, note=null], ProductSerials[serialId=147, productId=4, serialCode=CPU: SGH809R5CO Monitor: 6CM8011KTW, assetCode=PFM-GDNT-E-DPT/446, stock=, usedBy=null, status=null, color={"color":"\u1781\u17d2\u1798\u17c5"}, label=null, note=    () 012 796 702], ProductSerials[serialId=148, productId=4, serialCode=CPU: SGH809R5FD Monitor: 6CM8011L6X, assetCode=PFM-GDNT-E-DPT/447, stock=, usedBy=null, status=null, color={"color":"\u1781\u17d2\u1798\u17c5"}, label=null, note=null], ProductSerials[serialId=149, productId=4, serialCode=CPU: SGH809R5DR Monitor: 6CM8011L0C, assetCode=PFM-GDNT-E-DPT/448, stock=, usedBy=null, status=null, color={"color":"\u1781\u17d2\u1798\u17c5"}, label=null, note=null], ProductSerials[serialId=150, productId=4, serialCode=CPU: SGH809R5G5 Monitor: 6CM8011L9G, assetCode=PFM-GDNT-E-DPT/449, stock=, usedBy=null, status=null, color={"color":"\u1781\u17d2\u1798\u17c5"}, label=null, note=null]]]
