 2024-12-06 21:57:00] INFO  [asset-management-system,,] om.zaxxer.hikari.pool.HikariPool - HikariPool-41 - Added connection com.mysql.cj.jdbc.ConnectionImpl@2070f864
 2024-12-06 21:57:00] INFO  [asset-management-system,,] m.zaxxer.hikari.HikariDataSource - HikariPool-41 - Start completed.
 2024-12-06 21:57:00] INFO  [asset-management-system,,] o.s.b.w.e.tomcat.TomcatWebServer - Tomcat initialized with port 8080 (http)
 2024-12-06 21:57:00] INFO  [asset-management-system,,] .a.catalina.core.StandardService - Starting service [Tomcat]
 2024-12-06 21:57:00] INFO  [asset-management-system,,] o.a.catalina.core.StandardEngine - Starting Servlet engine: [Apache Tomcat/10.1.33]
 2024-12-06 21:57:00] INFO  [asset-management-system,,] c.c.C.[Tomcat-5].[localhost].[/] - Initializing Spring embedded WebApplicationContext
 2024-12-06 21:57:00] INFO  [asset-management-system,,] rvletWebServerApplicationContext - Root WebApplicationContext: initialization completed in 340 ms
 2024-12-06 21:57:00] INFO  [asset-management-system,,] icationProviderManagerConfigurer - Global AuthenticationManager configured with AuthenticationProvider bean with name authenticationProvider
 2024-12-06 21:57:00] WARN  [asset-management-system,,] lizeUserDetailsManagerConfigurer - Global AuthenticationManager configured with an AuthenticationProvider bean. UserDetailsService beans will not be used by Spring Security for automatically configuring username/password login. Consider removing the AuthenticationProvider bean. Alternatively, consider using the UserDetailsService in a manually instantiated DaoAuthenticationProvider. If the current configuration is intentional, to turn off this warning, increase the logging level of 'org.springframework.security.config.annotation.authentication.configuration.InitializeUserDetailsBeanManagerConfigurer' to ERROR
 2024-12-06 21:57:00] INFO  [asset-management-system,,] s.b.d.a.OptionalLiveReloadServer - LiveReload server is running on port 35729
 2024-12-06 21:57:00] INFO  [asset-management-system,,] o.s.b.w.e.tomcat.TomcatWebServer - Tomcat started on port 8080 (http) with context path '/'
 2024-12-06 21:57:00] INFO  [asset-management-system,,] AssetManagementSystemApplication - Started AssetManagementSystemApplication in 0.649 seconds (process running for 3846.733)
 2024-12-06 21:57:00] INFO  [asset-management-system,,] onEvaluationDeltaLoggingListener - Condition evaluation unchanged
 2024-12-06 21:57:19] INFO  [asset-management-system,,] ssPathChangeChangedEventListener - Restarting due to 1 class path change (0 additions, 0 deletions, 1 modification)
 2024-12-06 21:57:19] INFO  [asset-management-system,,] .s.b.w.e.tomcat.GracefulShutdown - Commencing graceful shutdown. Waiting for active requests to complete
 2024-12-06 21:57:19] INFO  [asset-management-system,,] .s.b.w.e.tomcat.GracefulShutdown - Graceful shutdown complete
 2024-12-06 21:57:19] INFO  [asset-management-system,,] m.zaxxer.hikari.HikariDataSource - HikariPool-41 - Shutdown initiated...
 2024-12-06 21:57:19] INFO  [asset-management-system,,] m.zaxxer.hikari.HikariDataSource - HikariPool-41 - Shutdown completed.
 2024-12-06 21:57:19] INFO  [asset-management-system,,] AssetManagementSystemApplication - Starting AssetManagementSystemApplication using Java 21.0.4 with PID 15368 (D:\gdnt-projects\workspaces\asset-management-system\bin\main started by SOKHOM in D:\gdnt-projects\workspaces\asset-management-system)
 2024-12-06 21:57:19] INFO  [asset-management-system,,] AssetManagementSystemApplication - No active profile set, falling back to 1 default profile: "default"
 2024-12-06 21:57:19] INFO  [asset-management-system,,] .RepositoryConfigurationDelegate - Bootstrapping Spring Data JDBC repositories in DEFAULT mode.
 2024-12-06 21:57:19] INFO  [asset-management-system,,] .RepositoryConfigurationDelegate - Finished Spring Data repository scanning in 3 ms. Found 0 JDBC repository interfaces.
 2024-12-06 21:57:19] INFO  [asset-management-system,,] m.zaxxer.hikari.HikariDataSource - HikariPool-42 - Starting...
 2024-12-06 21:57:19] INFO  [asset-management-system,,] om.zaxxer.hikari.pool.HikariPool - HikariPool-42 - Added connection com.mysql.cj.jdbc.ConnectionImpl@6fe15951
 2024-12-06 21:57:19] INFO  [asset-management-system,,] m.zaxxer.hikari.HikariDataSource - HikariPool-42 - Start completed.
 2024-12-06 21:57:19] INFO  [asset-management-system,,] o.s.b.w.e.tomcat.TomcatWebServer - Tomcat initialized with port 8080 (http)
 2024-12-06 21:57:19] INFO  [asset-management-system,,] .a.catalina.core.StandardService - Starting service [Tomcat]
 2024-12-06 21:57:19] INFO  [asset-management-system,,] o.a.catalina.core.StandardEngine - Starting Servlet engine: [Apache Tomcat/10.1.33]
 2024-12-06 21:57:19] INFO  [asset-management-system,,] c.c.C.[Tomcat-5].[localhost].[/] - Initializing Spring embedded WebApplicationContext
 2024-12-06 21:57:19] INFO  [asset-management-system,,] rvletWebServerApplicationContext - Root WebApplicationContext: initialization completed in 329 ms
 2024-12-06 21:57:19] INFO  [asset-management-system,,] icationProviderManagerConfigurer - Global AuthenticationManager configured with AuthenticationProvider bean with name authenticationProvider
 2024-12-06 21:57:19] WARN  [asset-management-system,,] lizeUserDetailsManagerConfigurer - Global AuthenticationManager configured with an AuthenticationProvider bean. UserDetailsService beans will not be used by Spring Security for automatically configuring username/password login. Consider removing the AuthenticationProvider bean. Alternatively, consider using the UserDetailsService in a manually instantiated DaoAuthenticationProvider. If the current configuration is intentional, to turn off this warning, increase the logging level of 'org.springframework.security.config.annotation.authentication.configuration.InitializeUserDetailsBeanManagerConfigurer' to ERROR
 2024-12-06 21:57:19] INFO  [asset-management-system,,] s.b.d.a.OptionalLiveReloadServer - LiveReload server is running on port 35729
 2024-12-06 21:57:19] INFO  [asset-management-system,,] o.s.b.w.e.tomcat.TomcatWebServer - Tomcat started on port 8080 (http) with context path '/'
 2024-12-06 21:57:19] INFO  [asset-management-system,,] AssetManagementSystemApplication - Started AssetManagementSystemApplication in 0.598 seconds (process running for 3865.859)
 2024-12-06 21:57:19] INFO  [asset-management-system,,] onEvaluationDeltaLoggingListener - Condition evaluation unchanged
 2024-12-06 21:57:47] INFO  [asset-management-system,,] c.c.C.[Tomcat-5].[localhost].[/] - Initializing Spring DispatcherServlet 'dispatcherServlet'
 2024-12-06 21:57:47] INFO  [asset-management-system,,] .s.web.servlet.DispatcherServlet - Initializing Servlet 'dispatcherServlet'
 2024-12-06 21:57:47] INFO  [asset-management-system,,] .s.web.servlet.DispatcherServlet - Completed initialization in 2 ms
 2024-12-06 21:57:49] INFO  [asset-management-system,,] .t.config.HttpUserDetailsService - HttpUserDetails[request=HttpUserDetailsRequest(username=sokhomngor@gmail.com, password=$2y$10$418hRKhPLSQU4QYkNYN8M.7jFaRHXuRgV/ZemoVuz/xSVhPu4QHoS, name=null, photo=null, roles=[Officials, Admin], permissions=[manufacturer-create, allSerial, maintenance-edit, report-by-department-list, serialUsing, product-list, manufacturer-edit, maintenance-create, position-list, manufacturer-list, pivotCategorySourceDetailUsing, maintenance-list, ref, ministry-list, pivotCategorySource, product-category-list, office-list, user-list, product-edit, user-create, warehouse-list, ministry-create, source-list, supply-delete, position-delete, product-category-edit, ministry-edit, source-create, role-delete, supply-edit, ministry-delete, assign-serial-create, office-create, product-create, general-department-create, supply-list, serialReturn, department-create, user-edit, warehouse-edit, people-create, role-edit, people-list, department-list, user-delete, privacy, warehouse-delete, serialFree, pivotCategorySourceDetail, position-create, source-edit, people-edit, printAssignSerial, source-delete, role-list, product-category-delete, maintenance-delete, maintenanceDone, office-delete, manufacturer-delete, department-edit, pivotCategorySourceDetailRef, people-delete, office-edit, report-by-people-department-list, assign-serial-list, product-delete, general-department-delete, product-category-create, general-department-list, department-delete, position-edit, role-create, allProduct, warehouse-create, general-department-edit, assign-serial-delete, assign-serial-edit, maintenance, supply-create, pivotCategorySourceDetailFree])]
